<?xml version="1.0" encoding="UTF-8"?>
<!-- Generated by org.testng.reporters.JUnitXMLReporter -->
<testsuite hostname="MININT-UM25UFB" ignored="0" name="Dollar Days Test" tests="20" failures="0" timestamp="2020-10-05T17:08:30 EDT" time="6.043" errors="0">
  <testcase name="@BeforeMethod setUpBrowser" time="2.523" classname="com.dollardays.testcases.BaseTest">
    <failure type="java.lang.Exception" message="Driver Not Found">
      <![CDATA[java.lang.Exception: Driver Not Found
at com.dollardays.testcases.BaseTest.openBrowser(BaseTest.java:95)
at com.dollardays.testcases.BaseTest.setUpBrowser(BaseTest.java:117)
at java.util.concurrent.ThreadPoolExecutor.runWorker(ThreadPoolExecutor.java:1149)
at java.util.concurrent.ThreadPoolExecutor$Worker.run(ThreadPoolExecutor.java:624)
at java.lang.Thread.run(Thread.java:748)
... Removed 16 stack frames]]>
    </failure>
  </testcase> <!-- @BeforeMethod setUpBrowser -->
  <testcase name="@BeforeMethod setUpBrowser" time="2.688" classname="com.dollardays.testcases.BaseTest">
    <failure type="java.lang.Exception" message="Driver Not Found">
      <![CDATA[java.lang.Exception: Driver Not Found
at com.dollardays.testcases.BaseTest.openBrowser(BaseTest.java:95)
at com.dollardays.testcases.BaseTest.setUpBrowser(BaseTest.java:117)
at java.util.concurrent.ThreadPoolExecutor.runWorker(ThreadPoolExecutor.java:1149)
at java.util.concurrent.ThreadPoolExecutor$Worker.run(ThreadPoolExecutor.java:624)
at java.lang.Thread.run(Thread.java:748)
... Removed 16 stack frames]]>
    </failure>
  </testcase> <!-- @BeforeMethod setUpBrowser -->
  <testcase name="@BeforeMethod setUpBrowser" time="2.73" classname="com.dollardays.testcases.BaseTest">
    <failure type="java.lang.Exception" message="Driver Not Found">
      <![CDATA[java.lang.Exception: Driver Not Found
at com.dollardays.testcases.BaseTest.openBrowser(BaseTest.java:95)
at com.dollardays.testcases.BaseTest.setUpBrowser(BaseTest.java:117)
at java.util.concurrent.ThreadPoolExecutor.runWorker(ThreadPoolExecutor.java:1149)
at java.util.concurrent.ThreadPoolExecutor$Worker.run(ThreadPoolExecutor.java:624)
at java.lang.Thread.run(Thread.java:748)
... Removed 16 stack frames]]>
    </failure>
  </testcase> <!-- @BeforeMethod setUpBrowser -->
  <testcase name="@AfterMethod quit" time="-1.60193210871E9" classname="com.dollardays.testcases.BaseTest">
    <skipped/>
  </testcase> <!-- @AfterMethod quit -->
  <testcase name="@AfterMethod quit" time="-1.60193210871E9" classname="com.dollardays.testcases.BaseTest">
    <skipped/>
  </testcase> <!-- @AfterMethod quit -->
  <testcase name="@BeforeMethod setUpBrowser" time="-1.601932108713E9" classname="com.dollardays.testcases.BaseTest">
    <skipped/>
  </testcase> <!-- @BeforeMethod setUpBrowser -->
  <testcase name="@AfterMethod quit" time="-1.601932108718E9" classname="com.dollardays.testcases.BaseTest">
    <skipped/>
  </testcase> <!-- @AfterMethod quit -->
  <testcase name="@BeforeMethod setUpBrowser" time="-1.601932108719E9" classname="com.dollardays.testcases.BaseTest">
    <skipped/>
  </testcase> <!-- @BeforeMethod setUpBrowser -->
  <testcase name="@AfterMethod quit" time="-1.601932108724E9" classname="com.dollardays.testcases.BaseTest">
    <skipped/>
  </testcase> <!-- @AfterMethod quit -->
  <testcase name="@BeforeMethod setUpBrowser" time="-1.601932108725E9" classname="com.dollardays.testcases.BaseTest">
    <skipped/>
  </testcase> <!-- @BeforeMethod setUpBrowser -->
  <testcase name="@AfterMethod quit" time="-1.60193210873E9" classname="com.dollardays.testcases.BaseTest">
    <skipped/>
  </testcase> <!-- @AfterMethod quit -->
  <testcase name="@BeforeMethod setUpBrowser" time="-1.601932108741E9" classname="com.dollardays.testcases.BaseTest">
    <skipped/>
  </testcase> <!-- @BeforeMethod setUpBrowser -->
  <testcase name="@AfterMethod quit" time="-1.601932108711E9" classname="com.dollardays.testcases.BaseTest">
    <skipped/>
  </testcase> <!-- @AfterMethod quit -->
  <testcase name="@AfterMethod quit" time="-1.601932108755E9" classname="com.dollardays.testcases.BaseTest">
    <skipped/>
  </testcase> <!-- @AfterMethod quit -->
  <testcase name="@BeforeMethod setUpBrowser" time="-1.601932108881E9" classname="com.dollardays.testcases.BaseTest">
    <skipped/>
  </testcase> <!-- @BeforeMethod setUpBrowser -->
  <testcase name="@AfterMethod quit" time="-1.6019321089E9" classname="com.dollardays.testcases.BaseTest">
    <skipped/>
  </testcase> <!-- @AfterMethod quit -->
  <testcase name="@BeforeMethod setUpBrowser" time="-1.601932108906E9" classname="com.dollardays.testcases.BaseTest">
    <skipped/>
  </testcase> <!-- @BeforeMethod setUpBrowser -->
  <testcase name="@AfterMethod quit" time="-1.601932108939E9" classname="com.dollardays.testcases.BaseTest">
    <skipped/>
  </testcase> <!-- @AfterMethod quit -->
  <testcase name="@BeforeMethod setUpBrowser" time="-1.601932108946E9" classname="com.dollardays.testcases.BaseTest">
    <skipped/>
  </testcase> <!-- @BeforeMethod setUpBrowser -->
  <testcase name="@AfterMethod quit" time="-1.601932109001E9" classname="com.dollardays.testcases.BaseTest">
    <skipped/>
  </testcase> <!-- @AfterMethod quit -->
  <testcase name="@BeforeMethod setUpBrowser" time="-1.601932109002E9" classname="com.dollardays.testcases.BaseTest">
    <skipped/>
  </testcase> <!-- @BeforeMethod setUpBrowser -->
  <testcase name="@AfterMethod quit" time="-1.601932109007E9" classname="com.dollardays.testcases.BaseTest">
    <skipped/>
  </testcase> <!-- @AfterMethod quit -->
  <testcase name="@AfterClass afterClass" time="-1.60193210901E9" classname="com.dollardays.testcases.MT">
    <skipped/>
  </testcase> <!-- @AfterClass afterClass -->
  <testcase name="@BeforeMethod setUpBrowser" time="-1.601932109256E9" classname="com.dollardays.testcases.BaseTest">
    <skipped/>
  </testcase> <!-- @BeforeMethod setUpBrowser -->
  <testcase name="@AfterMethod quit" time="-1.601932109263E9" classname="com.dollardays.testcases.BaseTest">
    <skipped/>
  </testcase> <!-- @AfterMethod quit -->
  <testcase name="@BeforeMethod setUpBrowser" time="-1.601932109346E9" classname="com.dollardays.testcases.BaseTest">
    <skipped/>
  </testcase> <!-- @BeforeMethod setUpBrowser -->
  <testcase name="@AfterMethod quit" time="-1.601932109355E9" classname="com.dollardays.testcases.BaseTest">
    <skipped/>
  </testcase> <!-- @AfterMethod quit -->
  <testcase name="@BeforeMethod setUpBrowser" time="-1.601932109487E9" classname="com.dollardays.testcases.BaseTest">
    <skipped/>
  </testcase> <!-- @BeforeMethod setUpBrowser -->
  <testcase name="@AfterMethod quit" time="-1.60193210949E9" classname="com.dollardays.testcases.BaseTest">
    <skipped/>
  </testcase> <!-- @AfterMethod quit -->
  <testcase name="@BeforeMethod setUpBrowser" time="-1.601932109532E9" classname="com.dollardays.testcases.BaseTest">
    <skipped/>
  </testcase> <!-- @BeforeMethod setUpBrowser -->
  <testcase name="@AfterMethod quit" time="-1.601932109536E9" classname="com.dollardays.testcases.BaseTest">
    <skipped/>
  </testcase> <!-- @AfterMethod quit -->
  <testcase name="@BeforeMethod setUpBrowser" time="-1.601932109753E9" classname="com.dollardays.testcases.BaseTest">
    <skipped/>
  </testcase> <!-- @BeforeMethod setUpBrowser -->
  <testcase name="@AfterMethod quit" time="-1.601932109761E9" classname="com.dollardays.testcases.BaseTest">
    <skipped/>
  </testcase> <!-- @AfterMethod quit -->
  <testcase name="@BeforeMethod setUpBrowser" time="-1.601932109778E9" classname="com.dollardays.testcases.BaseTest">
    <skipped/>
  </testcase> <!-- @BeforeMethod setUpBrowser -->
  <testcase name="@AfterMethod quit" time="-1.601932109782E9" classname="com.dollardays.testcases.BaseTest">
    <skipped/>
  </testcase> <!-- @AfterMethod quit -->
  <testcase name="@BeforeMethod setUpBrowser" time="-1.601932109993E9" classname="com.dollardays.testcases.BaseTest">
    <skipped/>
  </testcase> <!-- @BeforeMethod setUpBrowser -->
  <testcase name="@AfterMethod quit" time="-1.601932110003E9" classname="com.dollardays.testcases.BaseTest">
    <skipped/>
  </testcase> <!-- @AfterMethod quit -->
  <testcase name="@AfterClass afterClass" time="-1.601932110004E9" classname="com.dollardays.testcases.MT">
    <skipped/>
  </testcase> <!-- @AfterClass afterClass -->
  <testcase name="@BeforeMethod setUpBrowser" time="-1.601932110021E9" classname="com.dollardays.testcases.BaseTest">
    <skipped/>
  </testcase> <!-- @BeforeMethod setUpBrowser -->
  <testcase name="@AfterMethod quit" time="-1.601932110026E9" classname="com.dollardays.testcases.BaseTest">
    <skipped/>
  </testcase> <!-- @AfterMethod quit -->
  <testcase name="@BeforeMethod setUpBrowser" time="-1.60193211014E9" classname="com.dollardays.testcases.BaseTest">
    <skipped/>
  </testcase> <!-- @BeforeMethod setUpBrowser -->
  <testcase name="@AfterMethod quit" time="-1.601932110144E9" classname="com.dollardays.testcases.BaseTest">
    <skipped/>
  </testcase> <!-- @AfterMethod quit -->
  <testcase name="@AfterClass afterClass" time="-1.601932110145E9" classname="com.dollardays.testcases.MT">
    <skipped/>
  </testcase> <!-- @AfterClass afterClass -->
  <testcase name="emailPreferences_UserEmailAddressValidation" time="0.0" classname="com.dollardays.testcases.EmailPreferencesValidationsTestCase">
    <skipped/>
  </testcase> <!-- emailPreferences_UserEmailAddressValidation -->
  <testcase name="ValidateTaxExemptRequiredFields" time="0.0" classname="com.dollardays.testcases.Team2TaxExemptTestCase">
    <skipped/>
  </testcase> <!-- ValidateTaxExemptRequiredFields -->
  <testcase name="VerifyDCEditClick" time="0.0" classname="com.dollardays.testcases.DefaultPaymentMethodScript">
    <skipped/>
  </testcase> <!-- VerifyDCEditClick -->
  <testcase name="ValidateTaxExemptRequiredFields" time="0.0" classname="com.dollardays.testcases.Team2TaxExemptTestCase">
    <skipped/>
  </testcase> <!-- ValidateTaxExemptRequiredFields -->
  <testcase name="ValidateTaxExemptRequiredFields" time="0.0" classname="com.dollardays.testcases.Team2TaxExemptTestCase">
    <skipped/>
  </testcase> <!-- ValidateTaxExemptRequiredFields -->
  <testcase name="ValidateTaxExemptRequiredFields" time="0.0" classname="com.dollardays.testcases.Team2TaxExemptTestCase">
    <skipped/>
  </testcase> <!-- ValidateTaxExemptRequiredFields -->
  <testcase name="ValidateTaxExemptRequiredFields" time="0.0" classname="com.dollardays.testcases.Team2TaxExemptTestCase">
    <skipped/>
  </testcase> <!-- ValidateTaxExemptRequiredFields -->
  <testcase name="ValidateTaxExemptRequiredFields" time="0.0" classname="com.dollardays.testcases.Team2TaxExemptTestCase">
    <skipped/>
  </testcase> <!-- ValidateTaxExemptRequiredFields -->
  <testcase name="ValidateTaxExemptRequiredFields" time="0.0" classname="com.dollardays.testcases.Team2TaxExemptTestCase">
    <skipped/>
  </testcase> <!-- ValidateTaxExemptRequiredFields -->
  <testcase name="ValidateTaxExemptRequiredFields" time="0.0" classname="com.dollardays.testcases.Team2TaxExemptTestCase">
    <skipped/>
  </testcase> <!-- ValidateTaxExemptRequiredFields -->
  <testcase name="ValidateTaxExemptRequiredFields" time="0.0" classname="com.dollardays.testcases.Team2TaxExemptTestCase">
    <skipped/>
  </testcase> <!-- ValidateTaxExemptRequiredFields -->
  <testcase name="emailPreferences_Checkbox_Validation_AtPageLaunch" time="0.0" classname="com.dollardays.testcases.EmailPreferencesValidationsTestCase">
    <skipped/>
  </testcase> <!-- emailPreferences_Checkbox_Validation_AtPageLaunch -->
  <testcase name="VerifyCardVisible" time="0.0" classname="com.dollardays.testcases.DefaultPaymentMethodScript">
    <skipped/>
  </testcase> <!-- VerifyCardVisible -->
  <testcase name="emailPreferences_checkbox_validation_AtClick" time="0.0" classname="com.dollardays.testcases.EmailPreferencesValidationsTestCase">
    <skipped/>
  </testcase> <!-- emailPreferences_checkbox_validation_AtClick -->
  <testcase name="VerifyClickAddNewCard" time="0.0" classname="com.dollardays.testcases.DefaultPaymentMethodScript">
    <skipped/>
  </testcase> <!-- VerifyClickAddNewCard -->
  <testcase name="EmailPreferences_LinksValidation" time="0.0" classname="com.dollardays.testcases.EmailPreferencesValidationsTestCase">
    <skipped/>
  </testcase> <!-- EmailPreferences_LinksValidation -->
  <testcase name="VerifySetDefaultCard" time="0.0" classname="com.dollardays.testcases.DefaultPaymentMethodScript">
    <skipped/>
  </testcase> <!-- VerifySetDefaultCard -->
  <testcase name="termAndConditionsPage_LinksValidation" time="0.0" classname="com.dollardays.testcases.EmailPreferencesValidationsTestCase">
    <skipped/>
  </testcase> <!-- termAndConditionsPage_LinksValidation -->
  <testcase name="VerifyEditOnCard" time="0.0" classname="com.dollardays.testcases.DefaultPaymentMethodScript">
    <skipped/>
  </testcase> <!-- VerifyEditOnCard -->
  <testcase name="VerifyDeleteCard" time="0.0" classname="com.dollardays.testcases.DefaultPaymentMethodScript">
    <skipped/>
  </testcase> <!-- VerifyDeleteCard -->
</testsuite> <!-- Dollar Days Test -->
