<?xml version="1.0" encoding="UTF-8"?>
<testng-results skipped="6" failed="1" ignored="0" total="20" passed="13">
  <reporter-output>
  </reporter-output>
  <suite name="Parallel Class Runs" duration-ms="188009" started-at="2020-10-16T15:57:58 EDT" finished-at="2020-10-16T16:01:06 EDT">
    <groups>
    </groups>
    <test name="Dollar Days Test" duration-ms="188009" started-at="2020-10-16T15:57:58 EDT" finished-at="2020-10-16T16:01:06 EDT">
      <class name="com.dollardays.testcases.Team2TaxExemptTestCase">
        <test-method status="PASS" signature="beforeClass()[pri:0, instance:com.dollardays.testcases.Team2TaxExemptTestCase@f0f2775]" name="beforeClass" is-config="true" duration-ms="14" started-at="2020-10-16T15:57:58 EDT" finished-at="2020-10-16T15:57:58 EDT">
          <reporter-output>
          </reporter-output>
        </test-method> <!-- beforeClass -->
        <test-method status="PASS" signature="setUpBrowser()[pri:0, instance:com.dollardays.testcases.Team2TaxExemptTestCase@f0f2775]" name="setUpBrowser" is-config="true" duration-ms="14243" started-at="2020-10-16T15:58:00 EDT" finished-at="2020-10-16T15:58:14 EDT">
          <reporter-output>
          </reporter-output>
        </test-method> <!-- setUpBrowser -->
        <test-method status="PASS" signature="ValidateTaxExemptRequiredFields(java.util.Hashtable)[pri:0, instance:com.dollardays.testcases.Team2TaxExemptTestCase@f0f2775]" name="ValidateTaxExemptRequiredFields" duration-ms="21927" started-at="2020-10-16T15:58:14 EDT" data-provider="dd-dataprovider" finished-at="2020-10-16T15:58:36 EDT">
          <params>
            <param index="0">
              <value>
                <![CDATA[{TaxID=, TestCase=Tax Exempt all required  fields empty , ExpiryDate=, filePath=, TCID=TC1, SheetName=TaxExempt, Runmode=Yes, UserName=srikanthtesting100@gmail.com, Password=cGFzc3dvcmQxMjM=, FileType=, DocumentName=xyz, TestScenario=Negative, State=, =}]]>
              </value>
            </param>
          </params>
          <reporter-output>
          </reporter-output>
        </test-method> <!-- ValidateTaxExemptRequiredFields -->
        <test-method status="PASS" signature="quit()[pri:0, instance:com.dollardays.testcases.Team2TaxExemptTestCase@f0f2775]" name="quit" is-config="true" duration-ms="1019" started-at="2020-10-16T15:58:36 EDT" finished-at="2020-10-16T15:58:37 EDT">
          <reporter-output>
          </reporter-output>
        </test-method> <!-- quit -->
        <test-method status="PASS" signature="setUpBrowser()[pri:0, instance:com.dollardays.testcases.Team2TaxExemptTestCase@f0f2775]" name="setUpBrowser" is-config="true" duration-ms="10436" started-at="2020-10-16T15:58:37 EDT" finished-at="2020-10-16T15:58:48 EDT">
          <reporter-output>
          </reporter-output>
        </test-method> <!-- setUpBrowser -->
        <test-method status="PASS" signature="ValidateTaxExemptRequiredFields(java.util.Hashtable)[pri:0, instance:com.dollardays.testcases.Team2TaxExemptTestCase@f0f2775]" name="ValidateTaxExemptRequiredFields" duration-ms="20270" started-at="2020-10-16T15:58:48 EDT" data-provider="dd-dataprovider" finished-at="2020-10-16T15:59:08 EDT">
          <params>
            <param index="0">
              <value>
                <![CDATA[{TaxID=0.0, TestCase=Except TaxID all required fields empty, ExpiryDate=, filePath=, TCID=TC2, SheetName=TaxExempt, Runmode=Yes, UserName=srikanthtesting100@gmail.com, Password=cGFzc3dvcmQxMjM=, FileType=, DocumentName=xyz, TestScenario=Negative, State=, =}]]>
              </value>
            </param>
          </params>
          <reporter-output>
          </reporter-output>
        </test-method> <!-- ValidateTaxExemptRequiredFields -->
        <test-method status="PASS" signature="quit()[pri:0, instance:com.dollardays.testcases.Team2TaxExemptTestCase@f0f2775]" name="quit" is-config="true" duration-ms="2284" started-at="2020-10-16T15:59:08 EDT" finished-at="2020-10-16T15:59:10 EDT">
          <reporter-output>
          </reporter-output>
        </test-method> <!-- quit -->
        <test-method status="PASS" signature="setUpBrowser()[pri:0, instance:com.dollardays.testcases.Team2TaxExemptTestCase@f0f2775]" name="setUpBrowser" is-config="true" duration-ms="10301" started-at="2020-10-16T15:59:10 EDT" finished-at="2020-10-16T15:59:20 EDT">
          <reporter-output>
          </reporter-output>
        </test-method> <!-- setUpBrowser -->
        <test-method status="FAIL" signature="ValidateTaxExemptRequiredFields(java.util.Hashtable)[pri:0, instance:com.dollardays.testcases.Team2TaxExemptTestCase@f0f2775]" name="ValidateTaxExemptRequiredFields" duration-ms="13037" started-at="2020-10-16T15:59:20 EDT" data-provider="dd-dataprovider" finished-at="2020-10-16T15:59:34 EDT">
          <params>
            <param index="0">
              <value>
                <![CDATA[{TaxID=, TestCase=Except State all required fields empty, ExpiryDate=, filePath=, TCID=TC3, SheetName=TaxExempt, Runmode=Yes, UserName=srikanthtesting100@gmail.com, Password=cGFzc3dvcmQxMjM=, FileType=, DocumentName=xyz, TestScenario=Negative, State=Florida, =}]]>
              </value>
            </param>
          </params>
          <exception class="org.openqa.selenium.WebDriverException">
            <message>
              <![CDATA[chrome not reachable
  (Session info: chrome=86.0.4240.75)
  (Driver info: chromedriver=86.0.4240.22 (398b0743353ff36fb1b82468f63a3a93b4e2e89e-refs/branch-heads/4240@{#378}),platform=Windows NT 10.0.18362 x86_64) (WARNING: The server did not provide any stacktrace information)
Command duration or timeout: 12.03 seconds
Build info: version: '2.53.1', revision: 'a36b8b1cd5757287168e54b817830adce9b0158d', time: '2016-06-30 19:26:09'
System info: host: 'MININT-UM25UFB', ip: '10.0.75.1', os.name: 'Windows 10', os.arch: 'amd64', os.version: '10.0', java.version: '1.8.0_261'
Driver info: org.openqa.selenium.chrome.ChromeDriver
Capabilities [{mobileEmulationEnabled=false, timeouts={implicit=0, pageLoad=300000, script=30000}, hasTouchScreen=false, platform=XP, acceptSslCerts=false, goog:chromeOptions={debuggerAddress=localhost:53969}, acceptInsecureCerts=false, webStorageEnabled=true, browserName=chrome, takesScreenshot=true, javascriptEnabled=true, setWindowRect=true, unexpectedAlertBehaviour=ignore, applicationCacheEnabled=false, rotatable=false, networkConnectionEnabled=false, chrome={chromedriverVersion=86.0.4240.22 (398b0743353ff36fb1b82468f63a3a93b4e2e89e-refs/branch-heads/4240@{#378}), userDataDir=C:\Users\Rajesh\AppData\Local\Temp\scoped_dir13776_462327152}, takesHeapSnapshot=true, pageLoadStrategy=normal, strictFileInteractability=false, databaseEnabled=false, handlesAlerts=true, version=86.0.4240.75, browserConnectionEnabled=false, proxy={}, nativeEvents=true, locationContextEnabled=true, cssSelectorsEnabled=true, webauthn:virtualAuthenticators=true}]
Session ID: 29b3533a12fd8932837641debe31f4fe
*** Element info: {Using=xpath, value=//a[normalize-space(.)='Sign in']}]]>
            </message>
            <full-stacktrace>
              <![CDATA[org.openqa.selenium.WebDriverException: chrome not reachable
  (Session info: chrome=86.0.4240.75)
  (Driver info: chromedriver=86.0.4240.22 (398b0743353ff36fb1b82468f63a3a93b4e2e89e-refs/branch-heads/4240@{#378}),platform=Windows NT 10.0.18362 x86_64) (WARNING: The server did not provide any stacktrace information)
Command duration or timeout: 12.03 seconds
Build info: version: '2.53.1', revision: 'a36b8b1cd5757287168e54b817830adce9b0158d', time: '2016-06-30 19:26:09'
System info: host: 'MININT-UM25UFB', ip: '10.0.75.1', os.name: 'Windows 10', os.arch: 'amd64', os.version: '10.0', java.version: '1.8.0_261'
Driver info: org.openqa.selenium.chrome.ChromeDriver
Capabilities [{mobileEmulationEnabled=false, timeouts={implicit=0, pageLoad=300000, script=30000}, hasTouchScreen=false, platform=XP, acceptSslCerts=false, goog:chromeOptions={debuggerAddress=localhost:53969}, acceptInsecureCerts=false, webStorageEnabled=true, browserName=chrome, takesScreenshot=true, javascriptEnabled=true, setWindowRect=true, unexpectedAlertBehaviour=ignore, applicationCacheEnabled=false, rotatable=false, networkConnectionEnabled=false, chrome={chromedriverVersion=86.0.4240.22 (398b0743353ff36fb1b82468f63a3a93b4e2e89e-refs/branch-heads/4240@{#378}), userDataDir=C:\Users\Rajesh\AppData\Local\Temp\scoped_dir13776_462327152}, takesHeapSnapshot=true, pageLoadStrategy=normal, strictFileInteractability=false, databaseEnabled=false, handlesAlerts=true, version=86.0.4240.75, browserConnectionEnabled=false, proxy={}, nativeEvents=true, locationContextEnabled=true, cssSelectorsEnabled=true, webauthn:virtualAuthenticators=true}]
Session ID: 29b3533a12fd8932837641debe31f4fe
*** Element info: {Using=xpath, value=//a[normalize-space(.)='Sign in']}
at sun.reflect.NativeConstructorAccessorImpl.newInstance0(Native Method)
at sun.reflect.NativeConstructorAccessorImpl.newInstance(NativeConstructorAccessorImpl.java:62)
at sun.reflect.DelegatingConstructorAccessorImpl.newInstance(DelegatingConstructorAccessorImpl.java:45)
at java.lang.reflect.Constructor.newInstance(Constructor.java:423)
at org.openqa.selenium.remote.ErrorHandler.createThrowable(ErrorHandler.java:206)
at org.openqa.selenium.remote.ErrorHandler.throwIfResponseFailed(ErrorHandler.java:158)
at org.openqa.selenium.remote.RemoteWebDriver.execute(RemoteWebDriver.java:678)
at org.openqa.selenium.remote.RemoteWebDriver.findElement(RemoteWebDriver.java:363)
at org.openqa.selenium.remote.RemoteWebDriver.findElementByXPath(RemoteWebDriver.java:500)
at org.openqa.selenium.By$ByXPath.findElement(By.java:361)
at org.openqa.selenium.remote.RemoteWebDriver.findElement(RemoteWebDriver.java:355)
at org.openqa.selenium.support.pagefactory.DefaultElementLocator.findElement(DefaultElementLocator.java:69)
at org.openqa.selenium.support.pagefactory.internal.LocatingElementHandler.invoke(LocatingElementHandler.java:38)
at com.sun.proxy.$Proxy11.click(Unknown Source)
at com.dollardays.pages.LoginPage.login(LoginPage.java:76)
at com.dollardays.testcases.Team2TaxExemptTestCase.ValidateTaxExemptRequiredFields(Team2TaxExemptTestCase.java:33)
at sun.reflect.NativeMethodAccessorImpl.invoke0(Native Method)
at sun.reflect.NativeMethodAccessorImpl.invoke(NativeMethodAccessorImpl.java:62)
at sun.reflect.DelegatingMethodAccessorImpl.invoke(DelegatingMethodAccessorImpl.java:43)
at java.lang.reflect.Method.invoke(Method.java:498)
at org.testng.internal.MethodInvocationHelper.invokeMethod(MethodInvocationHelper.java:132)
at org.testng.internal.TestInvoker.invokeMethod(TestInvoker.java:599)
at org.testng.internal.TestInvoker.invokeTestMethod(TestInvoker.java:174)
at org.testng.internal.MethodRunner.runInSequence(MethodRunner.java:46)
at org.testng.internal.TestInvoker$MethodInvocationAgent.invoke(TestInvoker.java:822)
at org.testng.internal.TestInvoker.invokeTestMethods(TestInvoker.java:147)
at org.testng.internal.TestMethodWorker.invokeTestMethods(TestMethodWorker.java:146)
at org.testng.internal.TestMethodWorker.run(TestMethodWorker.java:128)
at java.util.concurrent.ThreadPoolExecutor.runWorker(ThreadPoolExecutor.java:1149)
at java.util.concurrent.ThreadPoolExecutor$Worker.run(ThreadPoolExecutor.java:624)
at java.lang.Thread.run(Thread.java:748)
]]>
            </full-stacktrace>
          </exception> <!-- org.openqa.selenium.WebDriverException -->
          <reporter-output>
          </reporter-output>
        </test-method> <!-- ValidateTaxExemptRequiredFields -->
        <test-method status="FAIL" signature="quit()[pri:0, instance:com.dollardays.testcases.Team2TaxExemptTestCase@f0f2775]" name="quit" is-config="true" duration-ms="246" started-at="2020-10-16T15:59:34 EDT" finished-at="2020-10-16T15:59:34 EDT">
          <exception class="org.openqa.selenium.WebDriverException">
            <message>
              <![CDATA[chrome not reachable
  (Session info: chrome=86.0.4240.75)
  (Driver info: chromedriver=86.0.4240.22 (398b0743353ff36fb1b82468f63a3a93b4e2e89e-refs/branch-heads/4240@{#378}),platform=Windows NT 10.0.18362 x86_64) (WARNING: The server did not provide any stacktrace information)
Command duration or timeout: 245 milliseconds
Build info: version: '2.53.1', revision: 'a36b8b1cd5757287168e54b817830adce9b0158d', time: '2016-06-30 19:26:09'
System info: host: 'MININT-UM25UFB', ip: '10.0.75.1', os.name: 'Windows 10', os.arch: 'amd64', os.version: '10.0', java.version: '1.8.0_261'
Driver info: org.openqa.selenium.chrome.ChromeDriver
Capabilities [{mobileEmulationEnabled=false, timeouts={implicit=0, pageLoad=300000, script=30000}, hasTouchScreen=false, platform=XP, acceptSslCerts=false, goog:chromeOptions={debuggerAddress=localhost:53969}, acceptInsecureCerts=false, webStorageEnabled=true, browserName=chrome, takesScreenshot=true, javascriptEnabled=true, setWindowRect=true, unexpectedAlertBehaviour=ignore, applicationCacheEnabled=false, rotatable=false, networkConnectionEnabled=false, chrome={chromedriverVersion=86.0.4240.22 (398b0743353ff36fb1b82468f63a3a93b4e2e89e-refs/branch-heads/4240@{#378}), userDataDir=C:\Users\Rajesh\AppData\Local\Temp\scoped_dir13776_462327152}, takesHeapSnapshot=true, pageLoadStrategy=normal, strictFileInteractability=false, databaseEnabled=false, handlesAlerts=true, version=86.0.4240.75, browserConnectionEnabled=false, proxy={}, nativeEvents=true, locationContextEnabled=true, cssSelectorsEnabled=true, webauthn:virtualAuthenticators=true}]
Session ID: 29b3533a12fd8932837641debe31f4fe]]>
            </message>
            <full-stacktrace>
              <![CDATA[org.openqa.selenium.WebDriverException: chrome not reachable
  (Session info: chrome=86.0.4240.75)
  (Driver info: chromedriver=86.0.4240.22 (398b0743353ff36fb1b82468f63a3a93b4e2e89e-refs/branch-heads/4240@{#378}),platform=Windows NT 10.0.18362 x86_64) (WARNING: The server did not provide any stacktrace information)
Command duration or timeout: 245 milliseconds
Build info: version: '2.53.1', revision: 'a36b8b1cd5757287168e54b817830adce9b0158d', time: '2016-06-30 19:26:09'
System info: host: 'MININT-UM25UFB', ip: '10.0.75.1', os.name: 'Windows 10', os.arch: 'amd64', os.version: '10.0', java.version: '1.8.0_261'
Driver info: org.openqa.selenium.chrome.ChromeDriver
Capabilities [{mobileEmulationEnabled=false, timeouts={implicit=0, pageLoad=300000, script=30000}, hasTouchScreen=false, platform=XP, acceptSslCerts=false, goog:chromeOptions={debuggerAddress=localhost:53969}, acceptInsecureCerts=false, webStorageEnabled=true, browserName=chrome, takesScreenshot=true, javascriptEnabled=true, setWindowRect=true, unexpectedAlertBehaviour=ignore, applicationCacheEnabled=false, rotatable=false, networkConnectionEnabled=false, chrome={chromedriverVersion=86.0.4240.22 (398b0743353ff36fb1b82468f63a3a93b4e2e89e-refs/branch-heads/4240@{#378}), userDataDir=C:\Users\Rajesh\AppData\Local\Temp\scoped_dir13776_462327152}, takesHeapSnapshot=true, pageLoadStrategy=normal, strictFileInteractability=false, databaseEnabled=false, handlesAlerts=true, version=86.0.4240.75, browserConnectionEnabled=false, proxy={}, nativeEvents=true, locationContextEnabled=true, cssSelectorsEnabled=true, webauthn:virtualAuthenticators=true}]
Session ID: 29b3533a12fd8932837641debe31f4fe
at sun.reflect.NativeConstructorAccessorImpl.newInstance0(Native Method)
at sun.reflect.NativeConstructorAccessorImpl.newInstance(NativeConstructorAccessorImpl.java:62)
at sun.reflect.DelegatingConstructorAccessorImpl.newInstance(DelegatingConstructorAccessorImpl.java:45)
at java.lang.reflect.Constructor.newInstance(Constructor.java:423)
at org.openqa.selenium.remote.ErrorHandler.createThrowable(ErrorHandler.java:206)
at org.openqa.selenium.remote.ErrorHandler.throwIfResponseFailed(ErrorHandler.java:158)
at org.openqa.selenium.remote.RemoteWebDriver.execute(RemoteWebDriver.java:678)
at org.openqa.selenium.remote.RemoteWebDriver.execute(RemoteWebDriver.java:701)
at org.openqa.selenium.remote.RemoteWebDriver.close(RemoteWebDriver.java:521)
at com.dollardays.testcases.BaseTest.quit(BaseTest.java:162)
at sun.reflect.NativeMethodAccessorImpl.invoke0(Native Method)
at sun.reflect.NativeMethodAccessorImpl.invoke(NativeMethodAccessorImpl.java:62)
at sun.reflect.DelegatingMethodAccessorImpl.invoke(DelegatingMethodAccessorImpl.java:43)
at java.lang.reflect.Method.invoke(Method.java:498)
at org.testng.internal.MethodInvocationHelper.invokeMethod(MethodInvocationHelper.java:132)
at org.testng.internal.MethodInvocationHelper.invokeMethodConsideringTimeout(MethodInvocationHelper.java:61)
at org.testng.internal.ConfigInvoker.invokeConfigurationMethod(ConfigInvoker.java:366)
at org.testng.internal.ConfigInvoker.invokeConfigurations(ConfigInvoker.java:320)
at org.testng.internal.TestInvoker.runConfigMethods(TestInvoker.java:701)
at org.testng.internal.TestInvoker.runAfterGroupsConfigurations(TestInvoker.java:677)
at org.testng.internal.TestInvoker.invokeMethod(TestInvoker.java:661)
at org.testng.internal.TestInvoker.invokeTestMethod(TestInvoker.java:174)
at org.testng.internal.MethodRunner.runInSequence(MethodRunner.java:46)
at org.testng.internal.TestInvoker$MethodInvocationAgent.invoke(TestInvoker.java:822)
at org.testng.internal.TestInvoker.invokeTestMethods(TestInvoker.java:147)
at org.testng.internal.TestMethodWorker.invokeTestMethods(TestMethodWorker.java:146)
at org.testng.internal.TestMethodWorker.run(TestMethodWorker.java:128)
at java.util.concurrent.ThreadPoolExecutor.runWorker(ThreadPoolExecutor.java:1149)
at java.util.concurrent.ThreadPoolExecutor$Worker.run(ThreadPoolExecutor.java:624)
at java.lang.Thread.run(Thread.java:748)
]]>
            </full-stacktrace>
          </exception> <!-- org.openqa.selenium.WebDriverException -->
          <reporter-output>
          </reporter-output>
        </test-method> <!-- quit -->
        <test-method status="SKIP" signature="setUpBrowser()[pri:0, instance:com.dollardays.testcases.Team2TaxExemptTestCase@f0f2775]" name="setUpBrowser" is-config="true" duration-ms="-1602878374272" started-at="2020-10-16T15:59:34 EDT" finished-at="1969-12-31T19:00:00 EST">
          <reporter-output>
          </reporter-output>
        </test-method> <!-- setUpBrowser -->
        <test-method status="SKIP" signature="ValidateTaxExemptRequiredFields(java.util.Hashtable)[pri:0, instance:com.dollardays.testcases.Team2TaxExemptTestCase@f0f2775]" name="ValidateTaxExemptRequiredFields" duration-ms="0" started-at="2020-10-16T15:59:34 EDT" data-provider="dd-dataprovider" finished-at="2020-10-16T15:59:34 EDT">
          <params>
            <param index="0">
              <value>
                <![CDATA[{TaxID=1.0, TestCase=Except TaxID and State all required fields empty , ExpiryDate=, filePath=, TCID=TC4, SheetName=TaxExempt, Runmode=Yes, UserName=srikanthtesting100@gmail.com, Password=cGFzc3dvcmQxMjM=, FileType=, DocumentName=xyz, TestScenario=Negative, State=Florida, =}]]>
              </value>
            </param>
          </params>
          <exception class="org.openqa.selenium.WebDriverException">
            <message>
              <![CDATA[chrome not reachable
  (Session info: chrome=86.0.4240.75)
  (Driver info: chromedriver=86.0.4240.22 (398b0743353ff36fb1b82468f63a3a93b4e2e89e-refs/branch-heads/4240@{#378}),platform=Windows NT 10.0.18362 x86_64) (WARNING: The server did not provide any stacktrace information)
Command duration or timeout: 245 milliseconds
Build info: version: '2.53.1', revision: 'a36b8b1cd5757287168e54b817830adce9b0158d', time: '2016-06-30 19:26:09'
System info: host: 'MININT-UM25UFB', ip: '10.0.75.1', os.name: 'Windows 10', os.arch: 'amd64', os.version: '10.0', java.version: '1.8.0_261'
Driver info: org.openqa.selenium.chrome.ChromeDriver
Capabilities [{mobileEmulationEnabled=false, timeouts={implicit=0, pageLoad=300000, script=30000}, hasTouchScreen=false, platform=XP, acceptSslCerts=false, goog:chromeOptions={debuggerAddress=localhost:53969}, acceptInsecureCerts=false, webStorageEnabled=true, browserName=chrome, takesScreenshot=true, javascriptEnabled=true, setWindowRect=true, unexpectedAlertBehaviour=ignore, applicationCacheEnabled=false, rotatable=false, networkConnectionEnabled=false, chrome={chromedriverVersion=86.0.4240.22 (398b0743353ff36fb1b82468f63a3a93b4e2e89e-refs/branch-heads/4240@{#378}), userDataDir=C:\Users\Rajesh\AppData\Local\Temp\scoped_dir13776_462327152}, takesHeapSnapshot=true, pageLoadStrategy=normal, strictFileInteractability=false, databaseEnabled=false, handlesAlerts=true, version=86.0.4240.75, browserConnectionEnabled=false, proxy={}, nativeEvents=true, locationContextEnabled=true, cssSelectorsEnabled=true, webauthn:virtualAuthenticators=true}]
Session ID: 29b3533a12fd8932837641debe31f4fe]]>
            </message>
            <full-stacktrace>
              <![CDATA[org.openqa.selenium.WebDriverException: chrome not reachable
  (Session info: chrome=86.0.4240.75)
  (Driver info: chromedriver=86.0.4240.22 (398b0743353ff36fb1b82468f63a3a93b4e2e89e-refs/branch-heads/4240@{#378}),platform=Windows NT 10.0.18362 x86_64) (WARNING: The server did not provide any stacktrace information)
Command duration or timeout: 245 milliseconds
Build info: version: '2.53.1', revision: 'a36b8b1cd5757287168e54b817830adce9b0158d', time: '2016-06-30 19:26:09'
System info: host: 'MININT-UM25UFB', ip: '10.0.75.1', os.name: 'Windows 10', os.arch: 'amd64', os.version: '10.0', java.version: '1.8.0_261'
Driver info: org.openqa.selenium.chrome.ChromeDriver
Capabilities [{mobileEmulationEnabled=false, timeouts={implicit=0, pageLoad=300000, script=30000}, hasTouchScreen=false, platform=XP, acceptSslCerts=false, goog:chromeOptions={debuggerAddress=localhost:53969}, acceptInsecureCerts=false, webStorageEnabled=true, browserName=chrome, takesScreenshot=true, javascriptEnabled=true, setWindowRect=true, unexpectedAlertBehaviour=ignore, applicationCacheEnabled=false, rotatable=false, networkConnectionEnabled=false, chrome={chromedriverVersion=86.0.4240.22 (398b0743353ff36fb1b82468f63a3a93b4e2e89e-refs/branch-heads/4240@{#378}), userDataDir=C:\Users\Rajesh\AppData\Local\Temp\scoped_dir13776_462327152}, takesHeapSnapshot=true, pageLoadStrategy=normal, strictFileInteractability=false, databaseEnabled=false, handlesAlerts=true, version=86.0.4240.75, browserConnectionEnabled=false, proxy={}, nativeEvents=true, locationContextEnabled=true, cssSelectorsEnabled=true, webauthn:virtualAuthenticators=true}]
Session ID: 29b3533a12fd8932837641debe31f4fe
at sun.reflect.NativeConstructorAccessorImpl.newInstance0(Native Method)
at sun.reflect.NativeConstructorAccessorImpl.newInstance(NativeConstructorAccessorImpl.java:62)
at sun.reflect.DelegatingConstructorAccessorImpl.newInstance(DelegatingConstructorAccessorImpl.java:45)
at java.lang.reflect.Constructor.newInstance(Constructor.java:423)
at org.openqa.selenium.remote.ErrorHandler.createThrowable(ErrorHandler.java:206)
at org.openqa.selenium.remote.ErrorHandler.throwIfResponseFailed(ErrorHandler.java:158)
at org.openqa.selenium.remote.RemoteWebDriver.execute(RemoteWebDriver.java:678)
at org.openqa.selenium.remote.RemoteWebDriver.execute(RemoteWebDriver.java:701)
at org.openqa.selenium.remote.RemoteWebDriver.close(RemoteWebDriver.java:521)
at com.dollardays.testcases.BaseTest.quit(BaseTest.java:162)
at sun.reflect.NativeMethodAccessorImpl.invoke0(Native Method)
at sun.reflect.NativeMethodAccessorImpl.invoke(NativeMethodAccessorImpl.java:62)
at sun.reflect.DelegatingMethodAccessorImpl.invoke(DelegatingMethodAccessorImpl.java:43)
at java.lang.reflect.Method.invoke(Method.java:498)
at org.testng.internal.MethodInvocationHelper.invokeMethod(MethodInvocationHelper.java:132)
at org.testng.internal.MethodInvocationHelper.invokeMethodConsideringTimeout(MethodInvocationHelper.java:61)
at org.testng.internal.ConfigInvoker.invokeConfigurationMethod(ConfigInvoker.java:366)
at org.testng.internal.ConfigInvoker.invokeConfigurations(ConfigInvoker.java:320)
at org.testng.internal.TestInvoker.runConfigMethods(TestInvoker.java:701)
at org.testng.internal.TestInvoker.runAfterGroupsConfigurations(TestInvoker.java:677)
at org.testng.internal.TestInvoker.invokeMethod(TestInvoker.java:661)
at org.testng.internal.TestInvoker.invokeTestMethod(TestInvoker.java:174)
at org.testng.internal.MethodRunner.runInSequence(MethodRunner.java:46)
at org.testng.internal.TestInvoker$MethodInvocationAgent.invoke(TestInvoker.java:822)
at org.testng.internal.TestInvoker.invokeTestMethods(TestInvoker.java:147)
at org.testng.internal.TestMethodWorker.invokeTestMethods(TestMethodWorker.java:146)
at org.testng.internal.TestMethodWorker.run(TestMethodWorker.java:128)
at java.util.concurrent.ThreadPoolExecutor.runWorker(ThreadPoolExecutor.java:1149)
at java.util.concurrent.ThreadPoolExecutor$Worker.run(ThreadPoolExecutor.java:624)
at java.lang.Thread.run(Thread.java:748)
]]>
            </full-stacktrace>
          </exception> <!-- org.openqa.selenium.WebDriverException -->
          <reporter-output>
          </reporter-output>
        </test-method> <!-- ValidateTaxExemptRequiredFields -->
        <test-method status="SKIP" signature="quit()[pri:0, instance:com.dollardays.testcases.Team2TaxExemptTestCase@f0f2775]" name="quit" is-config="true" duration-ms="-1602878374284" started-at="2020-10-16T15:59:34 EDT" finished-at="1969-12-31T19:00:00 EST">
          <reporter-output>
          </reporter-output>
        </test-method> <!-- quit -->
        <test-method status="SKIP" signature="setUpBrowser()[pri:0, instance:com.dollardays.testcases.Team2TaxExemptTestCase@f0f2775]" name="setUpBrowser" is-config="true" duration-ms="-1602878374286" started-at="2020-10-16T15:59:34 EDT" finished-at="1969-12-31T19:00:00 EST">
          <reporter-output>
          </reporter-output>
        </test-method> <!-- setUpBrowser -->
        <test-method status="SKIP" signature="ValidateTaxExemptRequiredFields(java.util.Hashtable)[pri:0, instance:com.dollardays.testcases.Team2TaxExemptTestCase@f0f2775]" name="ValidateTaxExemptRequiredFields" duration-ms="0" started-at="2020-10-16T15:59:34 EDT" data-provider="dd-dataprovider" finished-at="2020-10-16T15:59:34 EDT">
          <params>
            <param index="0">
              <value>
                <![CDATA[{TaxID=, TestCase=Except expiry date all required fields empty, ExpiryDate=08/19/2022, filePath=, TCID=TC5, SheetName=TaxExempt, Runmode=Yes, UserName=srikanthtesting100@gmail.com, Password=cGFzc3dvcmQxMjM=, FileType=, DocumentName=xyz, TestScenario=Negative, State=, =}]]>
              </value>
            </param>
          </params>
          <exception class="org.openqa.selenium.WebDriverException">
            <message>
              <![CDATA[chrome not reachable
  (Session info: chrome=86.0.4240.75)
  (Driver info: chromedriver=86.0.4240.22 (398b0743353ff36fb1b82468f63a3a93b4e2e89e-refs/branch-heads/4240@{#378}),platform=Windows NT 10.0.18362 x86_64) (WARNING: The server did not provide any stacktrace information)
Command duration or timeout: 245 milliseconds
Build info: version: '2.53.1', revision: 'a36b8b1cd5757287168e54b817830adce9b0158d', time: '2016-06-30 19:26:09'
System info: host: 'MININT-UM25UFB', ip: '10.0.75.1', os.name: 'Windows 10', os.arch: 'amd64', os.version: '10.0', java.version: '1.8.0_261'
Driver info: org.openqa.selenium.chrome.ChromeDriver
Capabilities [{mobileEmulationEnabled=false, timeouts={implicit=0, pageLoad=300000, script=30000}, hasTouchScreen=false, platform=XP, acceptSslCerts=false, goog:chromeOptions={debuggerAddress=localhost:53969}, acceptInsecureCerts=false, webStorageEnabled=true, browserName=chrome, takesScreenshot=true, javascriptEnabled=true, setWindowRect=true, unexpectedAlertBehaviour=ignore, applicationCacheEnabled=false, rotatable=false, networkConnectionEnabled=false, chrome={chromedriverVersion=86.0.4240.22 (398b0743353ff36fb1b82468f63a3a93b4e2e89e-refs/branch-heads/4240@{#378}), userDataDir=C:\Users\Rajesh\AppData\Local\Temp\scoped_dir13776_462327152}, takesHeapSnapshot=true, pageLoadStrategy=normal, strictFileInteractability=false, databaseEnabled=false, handlesAlerts=true, version=86.0.4240.75, browserConnectionEnabled=false, proxy={}, nativeEvents=true, locationContextEnabled=true, cssSelectorsEnabled=true, webauthn:virtualAuthenticators=true}]
Session ID: 29b3533a12fd8932837641debe31f4fe]]>
            </message>
            <full-stacktrace>
              <![CDATA[org.openqa.selenium.WebDriverException: chrome not reachable
  (Session info: chrome=86.0.4240.75)
  (Driver info: chromedriver=86.0.4240.22 (398b0743353ff36fb1b82468f63a3a93b4e2e89e-refs/branch-heads/4240@{#378}),platform=Windows NT 10.0.18362 x86_64) (WARNING: The server did not provide any stacktrace information)
Command duration or timeout: 245 milliseconds
Build info: version: '2.53.1', revision: 'a36b8b1cd5757287168e54b817830adce9b0158d', time: '2016-06-30 19:26:09'
System info: host: 'MININT-UM25UFB', ip: '10.0.75.1', os.name: 'Windows 10', os.arch: 'amd64', os.version: '10.0', java.version: '1.8.0_261'
Driver info: org.openqa.selenium.chrome.ChromeDriver
Capabilities [{mobileEmulationEnabled=false, timeouts={implicit=0, pageLoad=300000, script=30000}, hasTouchScreen=false, platform=XP, acceptSslCerts=false, goog:chromeOptions={debuggerAddress=localhost:53969}, acceptInsecureCerts=false, webStorageEnabled=true, browserName=chrome, takesScreenshot=true, javascriptEnabled=true, setWindowRect=true, unexpectedAlertBehaviour=ignore, applicationCacheEnabled=false, rotatable=false, networkConnectionEnabled=false, chrome={chromedriverVersion=86.0.4240.22 (398b0743353ff36fb1b82468f63a3a93b4e2e89e-refs/branch-heads/4240@{#378}), userDataDir=C:\Users\Rajesh\AppData\Local\Temp\scoped_dir13776_462327152}, takesHeapSnapshot=true, pageLoadStrategy=normal, strictFileInteractability=false, databaseEnabled=false, handlesAlerts=true, version=86.0.4240.75, browserConnectionEnabled=false, proxy={}, nativeEvents=true, locationContextEnabled=true, cssSelectorsEnabled=true, webauthn:virtualAuthenticators=true}]
Session ID: 29b3533a12fd8932837641debe31f4fe
at sun.reflect.NativeConstructorAccessorImpl.newInstance0(Native Method)
at sun.reflect.NativeConstructorAccessorImpl.newInstance(NativeConstructorAccessorImpl.java:62)
at sun.reflect.DelegatingConstructorAccessorImpl.newInstance(DelegatingConstructorAccessorImpl.java:45)
at java.lang.reflect.Constructor.newInstance(Constructor.java:423)
at org.openqa.selenium.remote.ErrorHandler.createThrowable(ErrorHandler.java:206)
at org.openqa.selenium.remote.ErrorHandler.throwIfResponseFailed(ErrorHandler.java:158)
at org.openqa.selenium.remote.RemoteWebDriver.execute(RemoteWebDriver.java:678)
at org.openqa.selenium.remote.RemoteWebDriver.execute(RemoteWebDriver.java:701)
at org.openqa.selenium.remote.RemoteWebDriver.close(RemoteWebDriver.java:521)
at com.dollardays.testcases.BaseTest.quit(BaseTest.java:162)
at sun.reflect.NativeMethodAccessorImpl.invoke0(Native Method)
at sun.reflect.NativeMethodAccessorImpl.invoke(NativeMethodAccessorImpl.java:62)
at sun.reflect.DelegatingMethodAccessorImpl.invoke(DelegatingMethodAccessorImpl.java:43)
at java.lang.reflect.Method.invoke(Method.java:498)
at org.testng.internal.MethodInvocationHelper.invokeMethod(MethodInvocationHelper.java:132)
at org.testng.internal.MethodInvocationHelper.invokeMethodConsideringTimeout(MethodInvocationHelper.java:61)
at org.testng.internal.ConfigInvoker.invokeConfigurationMethod(ConfigInvoker.java:366)
at org.testng.internal.ConfigInvoker.invokeConfigurations(ConfigInvoker.java:320)
at org.testng.internal.TestInvoker.runConfigMethods(TestInvoker.java:701)
at org.testng.internal.TestInvoker.runAfterGroupsConfigurations(TestInvoker.java:677)
at org.testng.internal.TestInvoker.invokeMethod(TestInvoker.java:661)
at org.testng.internal.TestInvoker.invokeTestMethod(TestInvoker.java:174)
at org.testng.internal.MethodRunner.runInSequence(MethodRunner.java:46)
at org.testng.internal.TestInvoker$MethodInvocationAgent.invoke(TestInvoker.java:822)
at org.testng.internal.TestInvoker.invokeTestMethods(TestInvoker.java:147)
at org.testng.internal.TestMethodWorker.invokeTestMethods(TestMethodWorker.java:146)
at org.testng.internal.TestMethodWorker.run(TestMethodWorker.java:128)
at java.util.concurrent.ThreadPoolExecutor.runWorker(ThreadPoolExecutor.java:1149)
at java.util.concurrent.ThreadPoolExecutor$Worker.run(ThreadPoolExecutor.java:624)
at java.lang.Thread.run(Thread.java:748)
]]>
            </full-stacktrace>
          </exception> <!-- org.openqa.selenium.WebDriverException -->
          <reporter-output>
          </reporter-output>
        </test-method> <!-- ValidateTaxExemptRequiredFields -->
        <test-method status="SKIP" signature="quit()[pri:0, instance:com.dollardays.testcases.Team2TaxExemptTestCase@f0f2775]" name="quit" is-config="true" duration-ms="-1602878374292" started-at="2020-10-16T15:59:34 EDT" finished-at="1969-12-31T19:00:00 EST">
          <reporter-output>
          </reporter-output>
        </test-method> <!-- quit -->
        <test-method status="SKIP" signature="setUpBrowser()[pri:0, instance:com.dollardays.testcases.Team2TaxExemptTestCase@f0f2775]" name="setUpBrowser" is-config="true" duration-ms="-1602878374295" started-at="2020-10-16T15:59:34 EDT" finished-at="1969-12-31T19:00:00 EST">
          <reporter-output>
          </reporter-output>
        </test-method> <!-- setUpBrowser -->
        <test-method status="SKIP" signature="ValidateTaxExemptRequiredFields(java.util.Hashtable)[pri:0, instance:com.dollardays.testcases.Team2TaxExemptTestCase@f0f2775]" name="ValidateTaxExemptRequiredFields" duration-ms="0" started-at="2020-10-16T15:59:34 EDT" data-provider="dd-dataprovider" finished-at="2020-10-16T15:59:34 EDT">
          <params>
            <param index="0">
              <value>
                <![CDATA[{TaxID=, TestCase=State and TaxId empty, ExpiryDate=09/19/2022, filePath=SampleJpg.jpg, TCID=TC6, SheetName=TaxExempt, Runmode=Yes, UserName=srikanthtesting100@gmail.com, Password=cGFzc3dvcmQxMjM=, FileType=correct, DocumentName=xyz, TestScenario=Negative, State=, =}]]>
              </value>
            </param>
          </params>
          <exception class="org.openqa.selenium.WebDriverException">
            <message>
              <![CDATA[chrome not reachable
  (Session info: chrome=86.0.4240.75)
  (Driver info: chromedriver=86.0.4240.22 (398b0743353ff36fb1b82468f63a3a93b4e2e89e-refs/branch-heads/4240@{#378}),platform=Windows NT 10.0.18362 x86_64) (WARNING: The server did not provide any stacktrace information)
Command duration or timeout: 245 milliseconds
Build info: version: '2.53.1', revision: 'a36b8b1cd5757287168e54b817830adce9b0158d', time: '2016-06-30 19:26:09'
System info: host: 'MININT-UM25UFB', ip: '10.0.75.1', os.name: 'Windows 10', os.arch: 'amd64', os.version: '10.0', java.version: '1.8.0_261'
Driver info: org.openqa.selenium.chrome.ChromeDriver
Capabilities [{mobileEmulationEnabled=false, timeouts={implicit=0, pageLoad=300000, script=30000}, hasTouchScreen=false, platform=XP, acceptSslCerts=false, goog:chromeOptions={debuggerAddress=localhost:53969}, acceptInsecureCerts=false, webStorageEnabled=true, browserName=chrome, takesScreenshot=true, javascriptEnabled=true, setWindowRect=true, unexpectedAlertBehaviour=ignore, applicationCacheEnabled=false, rotatable=false, networkConnectionEnabled=false, chrome={chromedriverVersion=86.0.4240.22 (398b0743353ff36fb1b82468f63a3a93b4e2e89e-refs/branch-heads/4240@{#378}), userDataDir=C:\Users\Rajesh\AppData\Local\Temp\scoped_dir13776_462327152}, takesHeapSnapshot=true, pageLoadStrategy=normal, strictFileInteractability=false, databaseEnabled=false, handlesAlerts=true, version=86.0.4240.75, browserConnectionEnabled=false, proxy={}, nativeEvents=true, locationContextEnabled=true, cssSelectorsEnabled=true, webauthn:virtualAuthenticators=true}]
Session ID: 29b3533a12fd8932837641debe31f4fe]]>
            </message>
            <full-stacktrace>
              <![CDATA[org.openqa.selenium.WebDriverException: chrome not reachable
  (Session info: chrome=86.0.4240.75)
  (Driver info: chromedriver=86.0.4240.22 (398b0743353ff36fb1b82468f63a3a93b4e2e89e-refs/branch-heads/4240@{#378}),platform=Windows NT 10.0.18362 x86_64) (WARNING: The server did not provide any stacktrace information)
Command duration or timeout: 245 milliseconds
Build info: version: '2.53.1', revision: 'a36b8b1cd5757287168e54b817830adce9b0158d', time: '2016-06-30 19:26:09'
System info: host: 'MININT-UM25UFB', ip: '10.0.75.1', os.name: 'Windows 10', os.arch: 'amd64', os.version: '10.0', java.version: '1.8.0_261'
Driver info: org.openqa.selenium.chrome.ChromeDriver
Capabilities [{mobileEmulationEnabled=false, timeouts={implicit=0, pageLoad=300000, script=30000}, hasTouchScreen=false, platform=XP, acceptSslCerts=false, goog:chromeOptions={debuggerAddress=localhost:53969}, acceptInsecureCerts=false, webStorageEnabled=true, browserName=chrome, takesScreenshot=true, javascriptEnabled=true, setWindowRect=true, unexpectedAlertBehaviour=ignore, applicationCacheEnabled=false, rotatable=false, networkConnectionEnabled=false, chrome={chromedriverVersion=86.0.4240.22 (398b0743353ff36fb1b82468f63a3a93b4e2e89e-refs/branch-heads/4240@{#378}), userDataDir=C:\Users\Rajesh\AppData\Local\Temp\scoped_dir13776_462327152}, takesHeapSnapshot=true, pageLoadStrategy=normal, strictFileInteractability=false, databaseEnabled=false, handlesAlerts=true, version=86.0.4240.75, browserConnectionEnabled=false, proxy={}, nativeEvents=true, locationContextEnabled=true, cssSelectorsEnabled=true, webauthn:virtualAuthenticators=true}]
Session ID: 29b3533a12fd8932837641debe31f4fe
at sun.reflect.NativeConstructorAccessorImpl.newInstance0(Native Method)
at sun.reflect.NativeConstructorAccessorImpl.newInstance(NativeConstructorAccessorImpl.java:62)
at sun.reflect.DelegatingConstructorAccessorImpl.newInstance(DelegatingConstructorAccessorImpl.java:45)
at java.lang.reflect.Constructor.newInstance(Constructor.java:423)
at org.openqa.selenium.remote.ErrorHandler.createThrowable(ErrorHandler.java:206)
at org.openqa.selenium.remote.ErrorHandler.throwIfResponseFailed(ErrorHandler.java:158)
at org.openqa.selenium.remote.RemoteWebDriver.execute(RemoteWebDriver.java:678)
at org.openqa.selenium.remote.RemoteWebDriver.execute(RemoteWebDriver.java:701)
at org.openqa.selenium.remote.RemoteWebDriver.close(RemoteWebDriver.java:521)
at com.dollardays.testcases.BaseTest.quit(BaseTest.java:162)
at sun.reflect.NativeMethodAccessorImpl.invoke0(Native Method)
at sun.reflect.NativeMethodAccessorImpl.invoke(NativeMethodAccessorImpl.java:62)
at sun.reflect.DelegatingMethodAccessorImpl.invoke(DelegatingMethodAccessorImpl.java:43)
at java.lang.reflect.Method.invoke(Method.java:498)
at org.testng.internal.MethodInvocationHelper.invokeMethod(MethodInvocationHelper.java:132)
at org.testng.internal.MethodInvocationHelper.invokeMethodConsideringTimeout(MethodInvocationHelper.java:61)
at org.testng.internal.ConfigInvoker.invokeConfigurationMethod(ConfigInvoker.java:366)
at org.testng.internal.ConfigInvoker.invokeConfigurations(ConfigInvoker.java:320)
at org.testng.internal.TestInvoker.runConfigMethods(TestInvoker.java:701)
at org.testng.internal.TestInvoker.runAfterGroupsConfigurations(TestInvoker.java:677)
at org.testng.internal.TestInvoker.invokeMethod(TestInvoker.java:661)
at org.testng.internal.TestInvoker.invokeTestMethod(TestInvoker.java:174)
at org.testng.internal.MethodRunner.runInSequence(MethodRunner.java:46)
at org.testng.internal.TestInvoker$MethodInvocationAgent.invoke(TestInvoker.java:822)
at org.testng.internal.TestInvoker.invokeTestMethods(TestInvoker.java:147)
at org.testng.internal.TestMethodWorker.invokeTestMethods(TestMethodWorker.java:146)
at org.testng.internal.TestMethodWorker.run(TestMethodWorker.java:128)
at java.util.concurrent.ThreadPoolExecutor.runWorker(ThreadPoolExecutor.java:1149)
at java.util.concurrent.ThreadPoolExecutor$Worker.run(ThreadPoolExecutor.java:624)
at java.lang.Thread.run(Thread.java:748)
]]>
            </full-stacktrace>
          </exception> <!-- org.openqa.selenium.WebDriverException -->
          <reporter-output>
          </reporter-output>
        </test-method> <!-- ValidateTaxExemptRequiredFields -->
        <test-method status="SKIP" signature="quit()[pri:0, instance:com.dollardays.testcases.Team2TaxExemptTestCase@f0f2775]" name="quit" is-config="true" duration-ms="-1602878374306" started-at="2020-10-16T15:59:34 EDT" finished-at="1969-12-31T19:00:00 EST">
          <reporter-output>
          </reporter-output>
        </test-method> <!-- quit -->
        <test-method status="SKIP" signature="setUpBrowser()[pri:0, instance:com.dollardays.testcases.Team2TaxExemptTestCase@f0f2775]" name="setUpBrowser" is-config="true" duration-ms="-1602878374307" started-at="2020-10-16T15:59:34 EDT" finished-at="1969-12-31T19:00:00 EST">
          <reporter-output>
          </reporter-output>
        </test-method> <!-- setUpBrowser -->
        <test-method status="SKIP" signature="ValidateTaxExemptRequiredFields(java.util.Hashtable)[pri:0, instance:com.dollardays.testcases.Team2TaxExemptTestCase@f0f2775]" name="ValidateTaxExemptRequiredFields" duration-ms="0" started-at="2020-10-16T15:59:34 EDT" data-provider="dd-dataprovider" finished-at="2020-10-16T15:59:34 EDT">
          <params>
            <param index="0">
              <value>
                <![CDATA[{TaxID=2.0, TestCase=Expiry date and State are empty, ExpiryDate=, filePath=SampleJpg.jpg, TCID=TC7, SheetName=TaxExempt, Runmode=Yes, UserName=srikanthtesting100@gmail.com, Password=cGFzc3dvcmQxMjM=, FileType=correct, DocumentName=xyz, TestScenario=Negative, State=, =}]]>
              </value>
            </param>
          </params>
          <exception class="org.openqa.selenium.WebDriverException">
            <message>
              <![CDATA[chrome not reachable
  (Session info: chrome=86.0.4240.75)
  (Driver info: chromedriver=86.0.4240.22 (398b0743353ff36fb1b82468f63a3a93b4e2e89e-refs/branch-heads/4240@{#378}),platform=Windows NT 10.0.18362 x86_64) (WARNING: The server did not provide any stacktrace information)
Command duration or timeout: 245 milliseconds
Build info: version: '2.53.1', revision: 'a36b8b1cd5757287168e54b817830adce9b0158d', time: '2016-06-30 19:26:09'
System info: host: 'MININT-UM25UFB', ip: '10.0.75.1', os.name: 'Windows 10', os.arch: 'amd64', os.version: '10.0', java.version: '1.8.0_261'
Driver info: org.openqa.selenium.chrome.ChromeDriver
Capabilities [{mobileEmulationEnabled=false, timeouts={implicit=0, pageLoad=300000, script=30000}, hasTouchScreen=false, platform=XP, acceptSslCerts=false, goog:chromeOptions={debuggerAddress=localhost:53969}, acceptInsecureCerts=false, webStorageEnabled=true, browserName=chrome, takesScreenshot=true, javascriptEnabled=true, setWindowRect=true, unexpectedAlertBehaviour=ignore, applicationCacheEnabled=false, rotatable=false, networkConnectionEnabled=false, chrome={chromedriverVersion=86.0.4240.22 (398b0743353ff36fb1b82468f63a3a93b4e2e89e-refs/branch-heads/4240@{#378}), userDataDir=C:\Users\Rajesh\AppData\Local\Temp\scoped_dir13776_462327152}, takesHeapSnapshot=true, pageLoadStrategy=normal, strictFileInteractability=false, databaseEnabled=false, handlesAlerts=true, version=86.0.4240.75, browserConnectionEnabled=false, proxy={}, nativeEvents=true, locationContextEnabled=true, cssSelectorsEnabled=true, webauthn:virtualAuthenticators=true}]
Session ID: 29b3533a12fd8932837641debe31f4fe]]>
            </message>
            <full-stacktrace>
              <![CDATA[org.openqa.selenium.WebDriverException: chrome not reachable
  (Session info: chrome=86.0.4240.75)
  (Driver info: chromedriver=86.0.4240.22 (398b0743353ff36fb1b82468f63a3a93b4e2e89e-refs/branch-heads/4240@{#378}),platform=Windows NT 10.0.18362 x86_64) (WARNING: The server did not provide any stacktrace information)
Command duration or timeout: 245 milliseconds
Build info: version: '2.53.1', revision: 'a36b8b1cd5757287168e54b817830adce9b0158d', time: '2016-06-30 19:26:09'
System info: host: 'MININT-UM25UFB', ip: '10.0.75.1', os.name: 'Windows 10', os.arch: 'amd64', os.version: '10.0', java.version: '1.8.0_261'
Driver info: org.openqa.selenium.chrome.ChromeDriver
Capabilities [{mobileEmulationEnabled=false, timeouts={implicit=0, pageLoad=300000, script=30000}, hasTouchScreen=false, platform=XP, acceptSslCerts=false, goog:chromeOptions={debuggerAddress=localhost:53969}, acceptInsecureCerts=false, webStorageEnabled=true, browserName=chrome, takesScreenshot=true, javascriptEnabled=true, setWindowRect=true, unexpectedAlertBehaviour=ignore, applicationCacheEnabled=false, rotatable=false, networkConnectionEnabled=false, chrome={chromedriverVersion=86.0.4240.22 (398b0743353ff36fb1b82468f63a3a93b4e2e89e-refs/branch-heads/4240@{#378}), userDataDir=C:\Users\Rajesh\AppData\Local\Temp\scoped_dir13776_462327152}, takesHeapSnapshot=true, pageLoadStrategy=normal, strictFileInteractability=false, databaseEnabled=false, handlesAlerts=true, version=86.0.4240.75, browserConnectionEnabled=false, proxy={}, nativeEvents=true, locationContextEnabled=true, cssSelectorsEnabled=true, webauthn:virtualAuthenticators=true}]
Session ID: 29b3533a12fd8932837641debe31f4fe
at sun.reflect.NativeConstructorAccessorImpl.newInstance0(Native Method)
at sun.reflect.NativeConstructorAccessorImpl.newInstance(NativeConstructorAccessorImpl.java:62)
at sun.reflect.DelegatingConstructorAccessorImpl.newInstance(DelegatingConstructorAccessorImpl.java:45)
at java.lang.reflect.Constructor.newInstance(Constructor.java:423)
at org.openqa.selenium.remote.ErrorHandler.createThrowable(ErrorHandler.java:206)
at org.openqa.selenium.remote.ErrorHandler.throwIfResponseFailed(ErrorHandler.java:158)
at org.openqa.selenium.remote.RemoteWebDriver.execute(RemoteWebDriver.java:678)
at org.openqa.selenium.remote.RemoteWebDriver.execute(RemoteWebDriver.java:701)
at org.openqa.selenium.remote.RemoteWebDriver.close(RemoteWebDriver.java:521)
at com.dollardays.testcases.BaseTest.quit(BaseTest.java:162)
at sun.reflect.NativeMethodAccessorImpl.invoke0(Native Method)
at sun.reflect.NativeMethodAccessorImpl.invoke(NativeMethodAccessorImpl.java:62)
at sun.reflect.DelegatingMethodAccessorImpl.invoke(DelegatingMethodAccessorImpl.java:43)
at java.lang.reflect.Method.invoke(Method.java:498)
at org.testng.internal.MethodInvocationHelper.invokeMethod(MethodInvocationHelper.java:132)
at org.testng.internal.MethodInvocationHelper.invokeMethodConsideringTimeout(MethodInvocationHelper.java:61)
at org.testng.internal.ConfigInvoker.invokeConfigurationMethod(ConfigInvoker.java:366)
at org.testng.internal.ConfigInvoker.invokeConfigurations(ConfigInvoker.java:320)
at org.testng.internal.TestInvoker.runConfigMethods(TestInvoker.java:701)
at org.testng.internal.TestInvoker.runAfterGroupsConfigurations(TestInvoker.java:677)
at org.testng.internal.TestInvoker.invokeMethod(TestInvoker.java:661)
at org.testng.internal.TestInvoker.invokeTestMethod(TestInvoker.java:174)
at org.testng.internal.MethodRunner.runInSequence(MethodRunner.java:46)
at org.testng.internal.TestInvoker$MethodInvocationAgent.invoke(TestInvoker.java:822)
at org.testng.internal.TestInvoker.invokeTestMethods(TestInvoker.java:147)
at org.testng.internal.TestMethodWorker.invokeTestMethods(TestMethodWorker.java:146)
at org.testng.internal.TestMethodWorker.run(TestMethodWorker.java:128)
at java.util.concurrent.ThreadPoolExecutor.runWorker(ThreadPoolExecutor.java:1149)
at java.util.concurrent.ThreadPoolExecutor$Worker.run(ThreadPoolExecutor.java:624)
at java.lang.Thread.run(Thread.java:748)
]]>
            </full-stacktrace>
          </exception> <!-- org.openqa.selenium.WebDriverException -->
          <reporter-output>
          </reporter-output>
        </test-method> <!-- ValidateTaxExemptRequiredFields -->
        <test-method status="SKIP" signature="quit()[pri:0, instance:com.dollardays.testcases.Team2TaxExemptTestCase@f0f2775]" name="quit" is-config="true" duration-ms="-1602878374323" started-at="2020-10-16T15:59:34 EDT" finished-at="1969-12-31T19:00:00 EST">
          <reporter-output>
          </reporter-output>
        </test-method> <!-- quit -->
        <test-method status="SKIP" signature="setUpBrowser()[pri:0, instance:com.dollardays.testcases.Team2TaxExemptTestCase@f0f2775]" name="setUpBrowser" is-config="true" duration-ms="-1602878374324" started-at="2020-10-16T15:59:34 EDT" finished-at="1969-12-31T19:00:00 EST">
          <reporter-output>
          </reporter-output>
        </test-method> <!-- setUpBrowser -->
        <test-method status="SKIP" signature="ValidateTaxExemptRequiredFields(java.util.Hashtable)[pri:0, instance:com.dollardays.testcases.Team2TaxExemptTestCase@f0f2775]" name="ValidateTaxExemptRequiredFields" duration-ms="0" started-at="2020-10-16T15:59:34 EDT" data-provider="dd-dataprovider" finished-at="2020-10-16T15:59:34 EDT">
          <params>
            <param index="0">
              <value>
                <![CDATA[{TaxID=3.0, TestCase=Tax exempt form all required fields are filled, ExpiryDate=08/19/2022, filePath=SampleJpg.jpg, TCID=TC8, SheetName=TaxExempt, Runmode=Yes, UserName=srikanthtesting100@gmail.com, Password=cGFzc3dvcmQxMjM=, FileType=correct, DocumentName=xyz, TestScenario=Positive, State=Iowa, =}]]>
              </value>
            </param>
          </params>
          <exception class="org.openqa.selenium.WebDriverException">
            <message>
              <![CDATA[chrome not reachable
  (Session info: chrome=86.0.4240.75)
  (Driver info: chromedriver=86.0.4240.22 (398b0743353ff36fb1b82468f63a3a93b4e2e89e-refs/branch-heads/4240@{#378}),platform=Windows NT 10.0.18362 x86_64) (WARNING: The server did not provide any stacktrace information)
Command duration or timeout: 245 milliseconds
Build info: version: '2.53.1', revision: 'a36b8b1cd5757287168e54b817830adce9b0158d', time: '2016-06-30 19:26:09'
System info: host: 'MININT-UM25UFB', ip: '10.0.75.1', os.name: 'Windows 10', os.arch: 'amd64', os.version: '10.0', java.version: '1.8.0_261'
Driver info: org.openqa.selenium.chrome.ChromeDriver
Capabilities [{mobileEmulationEnabled=false, timeouts={implicit=0, pageLoad=300000, script=30000}, hasTouchScreen=false, platform=XP, acceptSslCerts=false, goog:chromeOptions={debuggerAddress=localhost:53969}, acceptInsecureCerts=false, webStorageEnabled=true, browserName=chrome, takesScreenshot=true, javascriptEnabled=true, setWindowRect=true, unexpectedAlertBehaviour=ignore, applicationCacheEnabled=false, rotatable=false, networkConnectionEnabled=false, chrome={chromedriverVersion=86.0.4240.22 (398b0743353ff36fb1b82468f63a3a93b4e2e89e-refs/branch-heads/4240@{#378}), userDataDir=C:\Users\Rajesh\AppData\Local\Temp\scoped_dir13776_462327152}, takesHeapSnapshot=true, pageLoadStrategy=normal, strictFileInteractability=false, databaseEnabled=false, handlesAlerts=true, version=86.0.4240.75, browserConnectionEnabled=false, proxy={}, nativeEvents=true, locationContextEnabled=true, cssSelectorsEnabled=true, webauthn:virtualAuthenticators=true}]
Session ID: 29b3533a12fd8932837641debe31f4fe]]>
            </message>
            <full-stacktrace>
              <![CDATA[org.openqa.selenium.WebDriverException: chrome not reachable
  (Session info: chrome=86.0.4240.75)
  (Driver info: chromedriver=86.0.4240.22 (398b0743353ff36fb1b82468f63a3a93b4e2e89e-refs/branch-heads/4240@{#378}),platform=Windows NT 10.0.18362 x86_64) (WARNING: The server did not provide any stacktrace information)
Command duration or timeout: 245 milliseconds
Build info: version: '2.53.1', revision: 'a36b8b1cd5757287168e54b817830adce9b0158d', time: '2016-06-30 19:26:09'
System info: host: 'MININT-UM25UFB', ip: '10.0.75.1', os.name: 'Windows 10', os.arch: 'amd64', os.version: '10.0', java.version: '1.8.0_261'
Driver info: org.openqa.selenium.chrome.ChromeDriver
Capabilities [{mobileEmulationEnabled=false, timeouts={implicit=0, pageLoad=300000, script=30000}, hasTouchScreen=false, platform=XP, acceptSslCerts=false, goog:chromeOptions={debuggerAddress=localhost:53969}, acceptInsecureCerts=false, webStorageEnabled=true, browserName=chrome, takesScreenshot=true, javascriptEnabled=true, setWindowRect=true, unexpectedAlertBehaviour=ignore, applicationCacheEnabled=false, rotatable=false, networkConnectionEnabled=false, chrome={chromedriverVersion=86.0.4240.22 (398b0743353ff36fb1b82468f63a3a93b4e2e89e-refs/branch-heads/4240@{#378}), userDataDir=C:\Users\Rajesh\AppData\Local\Temp\scoped_dir13776_462327152}, takesHeapSnapshot=true, pageLoadStrategy=normal, strictFileInteractability=false, databaseEnabled=false, handlesAlerts=true, version=86.0.4240.75, browserConnectionEnabled=false, proxy={}, nativeEvents=true, locationContextEnabled=true, cssSelectorsEnabled=true, webauthn:virtualAuthenticators=true}]
Session ID: 29b3533a12fd8932837641debe31f4fe
at sun.reflect.NativeConstructorAccessorImpl.newInstance0(Native Method)
at sun.reflect.NativeConstructorAccessorImpl.newInstance(NativeConstructorAccessorImpl.java:62)
at sun.reflect.DelegatingConstructorAccessorImpl.newInstance(DelegatingConstructorAccessorImpl.java:45)
at java.lang.reflect.Constructor.newInstance(Constructor.java:423)
at org.openqa.selenium.remote.ErrorHandler.createThrowable(ErrorHandler.java:206)
at org.openqa.selenium.remote.ErrorHandler.throwIfResponseFailed(ErrorHandler.java:158)
at org.openqa.selenium.remote.RemoteWebDriver.execute(RemoteWebDriver.java:678)
at org.openqa.selenium.remote.RemoteWebDriver.execute(RemoteWebDriver.java:701)
at org.openqa.selenium.remote.RemoteWebDriver.close(RemoteWebDriver.java:521)
at com.dollardays.testcases.BaseTest.quit(BaseTest.java:162)
at sun.reflect.NativeMethodAccessorImpl.invoke0(Native Method)
at sun.reflect.NativeMethodAccessorImpl.invoke(NativeMethodAccessorImpl.java:62)
at sun.reflect.DelegatingMethodAccessorImpl.invoke(DelegatingMethodAccessorImpl.java:43)
at java.lang.reflect.Method.invoke(Method.java:498)
at org.testng.internal.MethodInvocationHelper.invokeMethod(MethodInvocationHelper.java:132)
at org.testng.internal.MethodInvocationHelper.invokeMethodConsideringTimeout(MethodInvocationHelper.java:61)
at org.testng.internal.ConfigInvoker.invokeConfigurationMethod(ConfigInvoker.java:366)
at org.testng.internal.ConfigInvoker.invokeConfigurations(ConfigInvoker.java:320)
at org.testng.internal.TestInvoker.runConfigMethods(TestInvoker.java:701)
at org.testng.internal.TestInvoker.runAfterGroupsConfigurations(TestInvoker.java:677)
at org.testng.internal.TestInvoker.invokeMethod(TestInvoker.java:661)
at org.testng.internal.TestInvoker.invokeTestMethod(TestInvoker.java:174)
at org.testng.internal.MethodRunner.runInSequence(MethodRunner.java:46)
at org.testng.internal.TestInvoker$MethodInvocationAgent.invoke(TestInvoker.java:822)
at org.testng.internal.TestInvoker.invokeTestMethods(TestInvoker.java:147)
at org.testng.internal.TestMethodWorker.invokeTestMethods(TestMethodWorker.java:146)
at org.testng.internal.TestMethodWorker.run(TestMethodWorker.java:128)
at java.util.concurrent.ThreadPoolExecutor.runWorker(ThreadPoolExecutor.java:1149)
at java.util.concurrent.ThreadPoolExecutor$Worker.run(ThreadPoolExecutor.java:624)
at java.lang.Thread.run(Thread.java:748)
]]>
            </full-stacktrace>
          </exception> <!-- org.openqa.selenium.WebDriverException -->
          <reporter-output>
          </reporter-output>
        </test-method> <!-- ValidateTaxExemptRequiredFields -->
        <test-method status="SKIP" signature="quit()[pri:0, instance:com.dollardays.testcases.Team2TaxExemptTestCase@f0f2775]" name="quit" is-config="true" duration-ms="-1602878374337" started-at="2020-10-16T15:59:34 EDT" finished-at="1969-12-31T19:00:00 EST">
          <reporter-output>
          </reporter-output>
        </test-method> <!-- quit -->
        <test-method status="SKIP" signature="setUpBrowser()[pri:0, instance:com.dollardays.testcases.Team2TaxExemptTestCase@f0f2775]" name="setUpBrowser" is-config="true" duration-ms="-1602878374340" started-at="2020-10-16T15:59:34 EDT" finished-at="1969-12-31T19:00:00 EST">
          <reporter-output>
          </reporter-output>
        </test-method> <!-- setUpBrowser -->
        <test-method status="SKIP" signature="ValidateTaxExemptRequiredFields(java.util.Hashtable)[pri:0, instance:com.dollardays.testcases.Team2TaxExemptTestCase@f0f2775]" name="ValidateTaxExemptRequiredFields" duration-ms="0" started-at="2020-10-16T15:59:34 EDT" data-provider="dd-dataprovider" finished-at="2020-10-16T15:59:34 EDT">
          <params>
            <param index="0">
              <value>
                <![CDATA[{TaxID=, TestCase=validate wrong file type, ExpiryDate=, filePath=TaxCertificate for DollarDays.txt, TCID=TC9, SheetName=TaxExempt, Runmode=Yes, UserName=srikanthtesting100@gmail.com, Password=cGFzc3dvcmQxMjM=, FileType=wrong, DocumentName=xyz, TestScenario=Negative, State=Florida, =}]]>
              </value>
            </param>
          </params>
          <exception class="org.openqa.selenium.WebDriverException">
            <message>
              <![CDATA[chrome not reachable
  (Session info: chrome=86.0.4240.75)
  (Driver info: chromedriver=86.0.4240.22 (398b0743353ff36fb1b82468f63a3a93b4e2e89e-refs/branch-heads/4240@{#378}),platform=Windows NT 10.0.18362 x86_64) (WARNING: The server did not provide any stacktrace information)
Command duration or timeout: 245 milliseconds
Build info: version: '2.53.1', revision: 'a36b8b1cd5757287168e54b817830adce9b0158d', time: '2016-06-30 19:26:09'
System info: host: 'MININT-UM25UFB', ip: '10.0.75.1', os.name: 'Windows 10', os.arch: 'amd64', os.version: '10.0', java.version: '1.8.0_261'
Driver info: org.openqa.selenium.chrome.ChromeDriver
Capabilities [{mobileEmulationEnabled=false, timeouts={implicit=0, pageLoad=300000, script=30000}, hasTouchScreen=false, platform=XP, acceptSslCerts=false, goog:chromeOptions={debuggerAddress=localhost:53969}, acceptInsecureCerts=false, webStorageEnabled=true, browserName=chrome, takesScreenshot=true, javascriptEnabled=true, setWindowRect=true, unexpectedAlertBehaviour=ignore, applicationCacheEnabled=false, rotatable=false, networkConnectionEnabled=false, chrome={chromedriverVersion=86.0.4240.22 (398b0743353ff36fb1b82468f63a3a93b4e2e89e-refs/branch-heads/4240@{#378}), userDataDir=C:\Users\Rajesh\AppData\Local\Temp\scoped_dir13776_462327152}, takesHeapSnapshot=true, pageLoadStrategy=normal, strictFileInteractability=false, databaseEnabled=false, handlesAlerts=true, version=86.0.4240.75, browserConnectionEnabled=false, proxy={}, nativeEvents=true, locationContextEnabled=true, cssSelectorsEnabled=true, webauthn:virtualAuthenticators=true}]
Session ID: 29b3533a12fd8932837641debe31f4fe]]>
            </message>
            <full-stacktrace>
              <![CDATA[org.openqa.selenium.WebDriverException: chrome not reachable
  (Session info: chrome=86.0.4240.75)
  (Driver info: chromedriver=86.0.4240.22 (398b0743353ff36fb1b82468f63a3a93b4e2e89e-refs/branch-heads/4240@{#378}),platform=Windows NT 10.0.18362 x86_64) (WARNING: The server did not provide any stacktrace information)
Command duration or timeout: 245 milliseconds
Build info: version: '2.53.1', revision: 'a36b8b1cd5757287168e54b817830adce9b0158d', time: '2016-06-30 19:26:09'
System info: host: 'MININT-UM25UFB', ip: '10.0.75.1', os.name: 'Windows 10', os.arch: 'amd64', os.version: '10.0', java.version: '1.8.0_261'
Driver info: org.openqa.selenium.chrome.ChromeDriver
Capabilities [{mobileEmulationEnabled=false, timeouts={implicit=0, pageLoad=300000, script=30000}, hasTouchScreen=false, platform=XP, acceptSslCerts=false, goog:chromeOptions={debuggerAddress=localhost:53969}, acceptInsecureCerts=false, webStorageEnabled=true, browserName=chrome, takesScreenshot=true, javascriptEnabled=true, setWindowRect=true, unexpectedAlertBehaviour=ignore, applicationCacheEnabled=false, rotatable=false, networkConnectionEnabled=false, chrome={chromedriverVersion=86.0.4240.22 (398b0743353ff36fb1b82468f63a3a93b4e2e89e-refs/branch-heads/4240@{#378}), userDataDir=C:\Users\Rajesh\AppData\Local\Temp\scoped_dir13776_462327152}, takesHeapSnapshot=true, pageLoadStrategy=normal, strictFileInteractability=false, databaseEnabled=false, handlesAlerts=true, version=86.0.4240.75, browserConnectionEnabled=false, proxy={}, nativeEvents=true, locationContextEnabled=true, cssSelectorsEnabled=true, webauthn:virtualAuthenticators=true}]
Session ID: 29b3533a12fd8932837641debe31f4fe
at sun.reflect.NativeConstructorAccessorImpl.newInstance0(Native Method)
at sun.reflect.NativeConstructorAccessorImpl.newInstance(NativeConstructorAccessorImpl.java:62)
at sun.reflect.DelegatingConstructorAccessorImpl.newInstance(DelegatingConstructorAccessorImpl.java:45)
at java.lang.reflect.Constructor.newInstance(Constructor.java:423)
at org.openqa.selenium.remote.ErrorHandler.createThrowable(ErrorHandler.java:206)
at org.openqa.selenium.remote.ErrorHandler.throwIfResponseFailed(ErrorHandler.java:158)
at org.openqa.selenium.remote.RemoteWebDriver.execute(RemoteWebDriver.java:678)
at org.openqa.selenium.remote.RemoteWebDriver.execute(RemoteWebDriver.java:701)
at org.openqa.selenium.remote.RemoteWebDriver.close(RemoteWebDriver.java:521)
at com.dollardays.testcases.BaseTest.quit(BaseTest.java:162)
at sun.reflect.NativeMethodAccessorImpl.invoke0(Native Method)
at sun.reflect.NativeMethodAccessorImpl.invoke(NativeMethodAccessorImpl.java:62)
at sun.reflect.DelegatingMethodAccessorImpl.invoke(DelegatingMethodAccessorImpl.java:43)
at java.lang.reflect.Method.invoke(Method.java:498)
at org.testng.internal.MethodInvocationHelper.invokeMethod(MethodInvocationHelper.java:132)
at org.testng.internal.MethodInvocationHelper.invokeMethodConsideringTimeout(MethodInvocationHelper.java:61)
at org.testng.internal.ConfigInvoker.invokeConfigurationMethod(ConfigInvoker.java:366)
at org.testng.internal.ConfigInvoker.invokeConfigurations(ConfigInvoker.java:320)
at org.testng.internal.TestInvoker.runConfigMethods(TestInvoker.java:701)
at org.testng.internal.TestInvoker.runAfterGroupsConfigurations(TestInvoker.java:677)
at org.testng.internal.TestInvoker.invokeMethod(TestInvoker.java:661)
at org.testng.internal.TestInvoker.invokeTestMethod(TestInvoker.java:174)
at org.testng.internal.MethodRunner.runInSequence(MethodRunner.java:46)
at org.testng.internal.TestInvoker$MethodInvocationAgent.invoke(TestInvoker.java:822)
at org.testng.internal.TestInvoker.invokeTestMethods(TestInvoker.java:147)
at org.testng.internal.TestMethodWorker.invokeTestMethods(TestMethodWorker.java:146)
at org.testng.internal.TestMethodWorker.run(TestMethodWorker.java:128)
at java.util.concurrent.ThreadPoolExecutor.runWorker(ThreadPoolExecutor.java:1149)
at java.util.concurrent.ThreadPoolExecutor$Worker.run(ThreadPoolExecutor.java:624)
at java.lang.Thread.run(Thread.java:748)
]]>
            </full-stacktrace>
          </exception> <!-- org.openqa.selenium.WebDriverException -->
          <reporter-output>
          </reporter-output>
        </test-method> <!-- ValidateTaxExemptRequiredFields -->
        <test-method status="SKIP" signature="quit()[pri:0, instance:com.dollardays.testcases.Team2TaxExemptTestCase@f0f2775]" name="quit" is-config="true" duration-ms="-1602878374354" started-at="2020-10-16T15:59:34 EDT" finished-at="1969-12-31T19:00:00 EST">
          <reporter-output>
          </reporter-output>
        </test-method> <!-- quit -->
        <test-method status="SKIP" signature="afterClass()[pri:0, instance:com.dollardays.testcases.Team2TaxExemptTestCase@f0f2775]" name="afterClass" is-config="true" duration-ms="-1602878374357" started-at="2020-10-16T15:59:34 EDT" finished-at="1969-12-31T19:00:00 EST">
          <reporter-output>
          </reporter-output>
        </test-method> <!-- afterClass -->
      </class> <!-- com.dollardays.testcases.Team2TaxExemptTestCase -->
      <class name="com.dollardays.testcases.DefaultPaymentMethodScript">
        <test-method status="PASS" signature="beforeClass()[pri:0, instance:com.dollardays.testcases.DefaultPaymentMethodScript@6591f517]" name="beforeClass" is-config="true" duration-ms="13" started-at="2020-10-16T15:57:58 EDT" finished-at="2020-10-16T15:57:58 EDT">
          <reporter-output>
          </reporter-output>
        </test-method> <!-- beforeClass -->
        <test-method status="PASS" signature="setUpBrowser()[pri:0, instance:com.dollardays.testcases.DefaultPaymentMethodScript@6591f517]" name="setUpBrowser" is-config="true" duration-ms="13155" started-at="2020-10-16T15:58:00 EDT" finished-at="2020-10-16T15:58:13 EDT">
          <reporter-output>
          </reporter-output>
        </test-method> <!-- setUpBrowser -->
        <test-method status="PASS" signature="VerifyDCEditClick(java.util.Hashtable)[pri:1, instance:com.dollardays.testcases.DefaultPaymentMethodScript@6591f517]" name="VerifyDCEditClick" duration-ms="22165" started-at="2020-10-16T15:58:13 EDT" data-provider="dd-dataprovider" finished-at="2020-10-16T15:58:35 EDT">
          <params>
            <param index="0">
              <value>
                <![CDATA[{TestCase=VerifyDCEditClick, Zip=98002, CCExpirymonth=05-May, TCID=TC1, SheetName=Default_PM, CCHolder=Mr.John, Runmode=Yes, CCExpiryYear=2021, CCV=999, UserName=srikanthtesting100@gmail.com, Password=cGFzc3dvcmQxMjM=, City=Newyork, State=Washington, Address1=123 Ave SE, CCNumber=1234123412341234, ExpectedValue=True, =}]]>
              </value>
            </param>
          </params>
          <reporter-output>
          </reporter-output>
        </test-method> <!-- VerifyDCEditClick -->
        <test-method status="PASS" signature="quit()[pri:0, instance:com.dollardays.testcases.DefaultPaymentMethodScript@6591f517]" name="quit" is-config="true" duration-ms="2047" started-at="2020-10-16T15:58:35 EDT" finished-at="2020-10-16T15:58:37 EDT">
          <reporter-output>
          </reporter-output>
        </test-method> <!-- quit -->
        <test-method status="PASS" signature="setUpBrowser()[pri:0, instance:com.dollardays.testcases.DefaultPaymentMethodScript@6591f517]" name="setUpBrowser" is-config="true" duration-ms="10854" started-at="2020-10-16T15:58:37 EDT" finished-at="2020-10-16T15:58:48 EDT">
          <reporter-output>
          </reporter-output>
        </test-method> <!-- setUpBrowser -->
        <test-method status="PASS" signature="VerifyCardVisible(java.util.Hashtable)[pri:2, instance:com.dollardays.testcases.DefaultPaymentMethodScript@6591f517]" name="VerifyCardVisible" duration-ms="18276" started-at="2020-10-16T15:58:48 EDT" data-provider="dd-dataprovider" finished-at="2020-10-16T15:59:06 EDT">
          <params>
            <param index="0">
              <value>
                <![CDATA[{TestCase=VerifyCardVisible, Zip=98002, CCExpirymonth=05-May, TCID=TC2, SheetName=Default_PM, CCHolder=Mr.John, Runmode=Yes, CCExpiryYear=2021, CCV=999, UserName=srikanthtesting100@gmail.com, Password=cGFzc3dvcmQxMjM=, City=Newyork, State=Washington, Address1=123 Ave SE, CCNumber=1234123412341234, ExpectedValue=true, =}]]>
              </value>
            </param>
          </params>
          <reporter-output>
          </reporter-output>
        </test-method> <!-- VerifyCardVisible -->
        <test-method status="PASS" signature="quit()[pri:0, instance:com.dollardays.testcases.DefaultPaymentMethodScript@6591f517]" name="quit" is-config="true" duration-ms="2289" started-at="2020-10-16T15:59:06 EDT" finished-at="2020-10-16T15:59:09 EDT">
          <reporter-output>
          </reporter-output>
        </test-method> <!-- quit -->
        <test-method status="PASS" signature="setUpBrowser()[pri:0, instance:com.dollardays.testcases.DefaultPaymentMethodScript@6591f517]" name="setUpBrowser" is-config="true" duration-ms="9972" started-at="2020-10-16T15:59:09 EDT" finished-at="2020-10-16T15:59:19 EDT">
          <reporter-output>
          </reporter-output>
        </test-method> <!-- setUpBrowser -->
        <test-method status="PASS" signature="VerifyClickAddNewCard(java.util.Hashtable)[pri:3, instance:com.dollardays.testcases.DefaultPaymentMethodScript@6591f517]" name="VerifyClickAddNewCard" duration-ms="20257" started-at="2020-10-16T15:59:19 EDT" data-provider="dd-dataprovider" finished-at="2020-10-16T15:59:39 EDT">
          <params>
            <param index="0">
              <value>
                <![CDATA[{TestCase=VerifyClickAddNewCard, Zip=98002, CCExpirymonth=05-May, TCID=TC3, SheetName=Default_PM, CCHolder=Mr.John, Runmode=Yes, CCExpiryYear=2021, CCV=999, UserName=srikanthtesting100@gmail.com, Password=cGFzc3dvcmQxMjM=, City=Newyork, State=Washington, Address1=123 Ave SE, CCNumber=1234123412341234, ExpectedValue=false, =}]]>
              </value>
            </param>
          </params>
          <reporter-output>
          </reporter-output>
        </test-method> <!-- VerifyClickAddNewCard -->
        <test-method status="PASS" signature="quit()[pri:0, instance:com.dollardays.testcases.DefaultPaymentMethodScript@6591f517]" name="quit" is-config="true" duration-ms="986" started-at="2020-10-16T15:59:39 EDT" finished-at="2020-10-16T15:59:40 EDT">
          <reporter-output>
          </reporter-output>
        </test-method> <!-- quit -->
        <test-method status="PASS" signature="setUpBrowser()[pri:0, instance:com.dollardays.testcases.DefaultPaymentMethodScript@6591f517]" name="setUpBrowser" is-config="true" duration-ms="8955" started-at="2020-10-16T15:59:40 EDT" finished-at="2020-10-16T15:59:49 EDT">
          <reporter-output>
          </reporter-output>
        </test-method> <!-- setUpBrowser -->
        <test-method status="PASS" signature="VerifySetDefaultCard(java.util.Hashtable)[pri:4, instance:com.dollardays.testcases.DefaultPaymentMethodScript@6591f517]" name="VerifySetDefaultCard" duration-ms="16541" started-at="2020-10-16T15:59:49 EDT" data-provider="dd-dataprovider" finished-at="2020-10-16T16:00:06 EDT">
          <params>
            <param index="0">
              <value>
                <![CDATA[{TestCase=VerifySetDefaultCard, Zip=98002, CCExpirymonth=05-May, TCID=TC4, SheetName=Default_PM, CCHolder=Mr.John, Runmode=Yes, CCExpiryYear=2021, CCV=999, UserName=srikanthtesting100@gmail.com, Password=cGFzc3dvcmQxMjM=, City=Newyork, State=Washington, Address1=123 Ave SE, CCNumber=1234123412341234, ExpectedValue=true, =}]]>
              </value>
            </param>
          </params>
          <reporter-output>
          </reporter-output>
        </test-method> <!-- VerifySetDefaultCard -->
        <test-method status="PASS" signature="quit()[pri:0, instance:com.dollardays.testcases.DefaultPaymentMethodScript@6591f517]" name="quit" is-config="true" duration-ms="956" started-at="2020-10-16T16:00:06 EDT" finished-at="2020-10-16T16:00:07 EDT">
          <reporter-output>
          </reporter-output>
        </test-method> <!-- quit -->
        <test-method status="PASS" signature="setUpBrowser()[pri:0, instance:com.dollardays.testcases.DefaultPaymentMethodScript@6591f517]" name="setUpBrowser" is-config="true" duration-ms="9073" started-at="2020-10-16T16:00:07 EDT" finished-at="2020-10-16T16:00:16 EDT">
          <reporter-output>
          </reporter-output>
        </test-method> <!-- setUpBrowser -->
        <test-method status="PASS" signature="VerifyEditOnCard(java.util.Hashtable)[pri:5, instance:com.dollardays.testcases.DefaultPaymentMethodScript@6591f517]" name="VerifyEditOnCard" duration-ms="18815" started-at="2020-10-16T16:00:16 EDT" data-provider="dd-dataprovider" finished-at="2020-10-16T16:00:35 EDT">
          <params>
            <param index="0">
              <value>
                <![CDATA[{TestCase=VerifyEditOnCard, Zip=98002, CCExpirymonth=05-May, TCID=TC5, SheetName=Default_PM, CCHolder=Mr.John, Runmode=Yes, CCExpiryYear=2021, CCV=123, UserName=srikanthtesting100@gmail.com, Password=cGFzc3dvcmQxMjM=, City=Newyork, State=Washington, Address1=123 Ave SE, CCNumber=1234123412341234, ExpectedValue=True, =}]]>
              </value>
            </param>
          </params>
          <reporter-output>
          </reporter-output>
        </test-method> <!-- VerifyEditOnCard -->
        <test-method status="PASS" signature="quit()[pri:0, instance:com.dollardays.testcases.DefaultPaymentMethodScript@6591f517]" name="quit" is-config="true" duration-ms="963" started-at="2020-10-16T16:00:35 EDT" finished-at="2020-10-16T16:00:36 EDT">
          <reporter-output>
          </reporter-output>
        </test-method> <!-- quit -->
        <test-method status="PASS" signature="setUpBrowser()[pri:0, instance:com.dollardays.testcases.DefaultPaymentMethodScript@6591f517]" name="setUpBrowser" is-config="true" duration-ms="8631" started-at="2020-10-16T16:00:36 EDT" finished-at="2020-10-16T16:00:45 EDT">
          <reporter-output>
          </reporter-output>
        </test-method> <!-- setUpBrowser -->
        <test-method status="PASS" signature="VerifyDeleteCard(java.util.Hashtable)[pri:6, instance:com.dollardays.testcases.DefaultPaymentMethodScript@6591f517]" name="VerifyDeleteCard" duration-ms="20834" started-at="2020-10-16T16:00:45 EDT" data-provider="dd-dataprovider" finished-at="2020-10-16T16:01:05 EDT">
          <params>
            <param index="0">
              <value>
                <![CDATA[{TestCase=VerifyEditOnCard, Zip=98002, CCExpirymonth=05-May, TCID=TC5, SheetName=Default_PM, CCHolder=Mr.John, Runmode=Yes, CCExpiryYear=2021, CCV=123, UserName=srikanthtesting100@gmail.com, Password=cGFzc3dvcmQxMjM=, City=Newyork, State=Washington, Address1=123 Ave SE, CCNumber=1234123412341234, ExpectedValue=True, =}]]>
              </value>
            </param>
          </params>
          <reporter-output>
          </reporter-output>
        </test-method> <!-- VerifyDeleteCard -->
        <test-method status="PASS" signature="quit()[pri:0, instance:com.dollardays.testcases.DefaultPaymentMethodScript@6591f517]" name="quit" is-config="true" duration-ms="861" started-at="2020-10-16T16:01:05 EDT" finished-at="2020-10-16T16:01:06 EDT">
          <reporter-output>
          </reporter-output>
        </test-method> <!-- quit -->
        <test-method status="PASS" signature="afterClass()[pri:0, instance:com.dollardays.testcases.DefaultPaymentMethodScript@6591f517]" name="afterClass" is-config="true" duration-ms="0" started-at="2020-10-16T16:01:06 EDT" finished-at="2020-10-16T16:01:06 EDT">
          <reporter-output>
          </reporter-output>
        </test-method> <!-- afterClass -->
      </class> <!-- com.dollardays.testcases.DefaultPaymentMethodScript -->
      <class name="com.dollardays.testcases.EmailPreferencesValidationsTestCase">
        <test-method status="PASS" signature="beforeClass()[pri:0, instance:com.dollardays.testcases.EmailPreferencesValidationsTestCase@5a4aa2f2]" name="beforeClass" is-config="true" duration-ms="14" started-at="2020-10-16T15:57:58 EDT" finished-at="2020-10-16T15:57:58 EDT">
          <reporter-output>
          </reporter-output>
        </test-method> <!-- beforeClass -->
        <test-method status="PASS" signature="setUpBrowser()[pri:0, instance:com.dollardays.testcases.EmailPreferencesValidationsTestCase@5a4aa2f2]" name="setUpBrowser" is-config="true" duration-ms="13876" started-at="2020-10-16T15:58:00 EDT" finished-at="2020-10-16T15:58:14 EDT">
          <reporter-output>
          </reporter-output>
        </test-method> <!-- setUpBrowser -->
        <test-method status="PASS" signature="emailPreferences_UserEmailAddressValidation(java.util.Hashtable)[pri:1, instance:com.dollardays.testcases.EmailPreferencesValidationsTestCase@5a4aa2f2]" name="emailPreferences_UserEmailAddressValidation" duration-ms="19365" started-at="2020-10-16T15:58:14 EDT" data-provider="dd-dataprovider" finished-at="2020-10-16T15:58:33 EDT">
          <params>
            <param index="0">
              <value>
                <![CDATA[{TestCase=emailPreferences_UserEmailAddressValidation, Password=cGFzc3dvcmQxMjM=, Runmode=Yes, SheetName=EmailPreferences, ExpectedValue=srikanthtesting100@gmail.com, UserName=srikanthtesting100@gmail.com, TCID=TC1, =}]]>
              </value>
            </param>
          </params>
          <reporter-output>
          </reporter-output>
        </test-method> <!-- emailPreferences_UserEmailAddressValidation -->
        <test-method status="PASS" signature="quit()[pri:0, instance:com.dollardays.testcases.EmailPreferencesValidationsTestCase@5a4aa2f2]" name="quit" is-config="true" duration-ms="1143" started-at="2020-10-16T15:58:33 EDT" finished-at="2020-10-16T15:58:34 EDT">
          <reporter-output>
          </reporter-output>
        </test-method> <!-- quit -->
        <test-method status="PASS" signature="setUpBrowser()[pri:0, instance:com.dollardays.testcases.EmailPreferencesValidationsTestCase@5a4aa2f2]" name="setUpBrowser" is-config="true" duration-ms="10766" started-at="2020-10-16T15:58:35 EDT" finished-at="2020-10-16T15:58:46 EDT">
          <reporter-output>
          </reporter-output>
        </test-method> <!-- setUpBrowser -->
        <test-method status="PASS" signature="emailPreferences_Checkbox_Validation_AtPageLaunch(java.util.Hashtable)[pri:2, instance:com.dollardays.testcases.EmailPreferencesValidationsTestCase@5a4aa2f2]" name="emailPreferences_Checkbox_Validation_AtPageLaunch" duration-ms="19192" started-at="2020-10-16T15:58:46 EDT" data-provider="dd-dataprovider" finished-at="2020-10-16T15:59:05 EDT">
          <params>
            <param index="0">
              <value>
                <![CDATA[{TestCase=emailPreferences_Checkbox_Validation_AtPageLaunch, Password=cGFzc3dvcmQxMjM=, Runmode=Yes, SheetName=EmailPreferences, ExpectedValue=true, UserName=srikanthtesting100@gmail.com, TCID=TC2, =}]]>
              </value>
            </param>
          </params>
          <reporter-output>
          </reporter-output>
        </test-method> <!-- emailPreferences_Checkbox_Validation_AtPageLaunch -->
        <test-method status="PASS" signature="quit()[pri:0, instance:com.dollardays.testcases.EmailPreferencesValidationsTestCase@5a4aa2f2]" name="quit" is-config="true" duration-ms="1002" started-at="2020-10-16T15:59:05 EDT" finished-at="2020-10-16T15:59:06 EDT">
          <reporter-output>
          </reporter-output>
        </test-method> <!-- quit -->
        <test-method status="PASS" signature="setUpBrowser()[pri:0, instance:com.dollardays.testcases.EmailPreferencesValidationsTestCase@5a4aa2f2]" name="setUpBrowser" is-config="true" duration-ms="8871" started-at="2020-10-16T15:59:06 EDT" finished-at="2020-10-16T15:59:15 EDT">
          <reporter-output>
          </reporter-output>
        </test-method> <!-- setUpBrowser -->
        <test-method status="PASS" signature="emailPreferences_checkbox_validation_AtClick(java.util.Hashtable)[pri:3, instance:com.dollardays.testcases.EmailPreferencesValidationsTestCase@5a4aa2f2]" name="emailPreferences_checkbox_validation_AtClick" duration-ms="37428" started-at="2020-10-16T15:59:15 EDT" data-provider="dd-dataprovider" finished-at="2020-10-16T15:59:52 EDT">
          <params>
            <param index="0">
              <value>
                <![CDATA[{TestCase=emailPreferences_checkbox_validation_AtClick, Password=cGFzc3dvcmQxMjM=, Runmode=Yes, SheetName=EmailPreferences, ExpectedValue=false, UserName=srikanthtesting100@gmail.com, TCID=TC3, =}]]>
              </value>
            </param>
          </params>
          <reporter-output>
          </reporter-output>
        </test-method> <!-- emailPreferences_checkbox_validation_AtClick -->
        <test-method status="PASS" signature="quit()[pri:0, instance:com.dollardays.testcases.EmailPreferencesValidationsTestCase@5a4aa2f2]" name="quit" is-config="true" duration-ms="1647" started-at="2020-10-16T15:59:52 EDT" finished-at="2020-10-16T15:59:54 EDT">
          <reporter-output>
          </reporter-output>
        </test-method> <!-- quit -->
        <test-method status="PASS" signature="setUpBrowser()[pri:0, instance:com.dollardays.testcases.EmailPreferencesValidationsTestCase@5a4aa2f2]" name="setUpBrowser" is-config="true" duration-ms="9130" started-at="2020-10-16T15:59:54 EDT" finished-at="2020-10-16T16:00:03 EDT">
          <reporter-output>
          </reporter-output>
        </test-method> <!-- setUpBrowser -->
        <test-method status="PASS" signature="EmailPreferences_LinksValidation(java.util.Hashtable)[pri:4, instance:com.dollardays.testcases.EmailPreferencesValidationsTestCase@5a4aa2f2]" name="EmailPreferences_LinksValidation" duration-ms="18267" started-at="2020-10-16T16:00:03 EDT" data-provider="dd-dataprovider" finished-at="2020-10-16T16:00:21 EDT">
          <params>
            <param index="0">
              <value>
                <![CDATA[{TestCase=EmailPreferences_LinksValidation, Password=cGFzc3dvcmQxMjM=, Runmode=Yes, SheetName=EmailPreferences, ExpectedValue=Policies - DollarDays, UserName=srikanthtesting100@gmail.com, TCID=TC4, =}]]>
              </value>
            </param>
          </params>
          <reporter-output>
          </reporter-output>
        </test-method> <!-- EmailPreferences_LinksValidation -->
        <test-method status="PASS" signature="quit()[pri:0, instance:com.dollardays.testcases.EmailPreferencesValidationsTestCase@5a4aa2f2]" name="quit" is-config="true" duration-ms="1063" started-at="2020-10-16T16:00:21 EDT" finished-at="2020-10-16T16:00:23 EDT">
          <reporter-output>
          </reporter-output>
        </test-method> <!-- quit -->
        <test-method status="PASS" signature="setUpBrowser()[pri:0, instance:com.dollardays.testcases.EmailPreferencesValidationsTestCase@5a4aa2f2]" name="setUpBrowser" is-config="true" duration-ms="9083" started-at="2020-10-16T16:00:23 EDT" finished-at="2020-10-16T16:00:32 EDT">
          <reporter-output>
          </reporter-output>
        </test-method> <!-- setUpBrowser -->
        <test-method status="PASS" signature="termAndConditionsPage_LinksValidation(java.util.Hashtable)[pri:5, instance:com.dollardays.testcases.EmailPreferencesValidationsTestCase@5a4aa2f2]" name="termAndConditionsPage_LinksValidation" duration-ms="22108" started-at="2020-10-16T16:00:32 EDT" data-provider="dd-dataprovider" finished-at="2020-10-16T16:00:54 EDT">
          <params>
            <param index="0">
              <value>
                <![CDATA[{TestCase=termAndConditionsPage_LinksValidation, Password=cGFzc3dvcmQxMjM=, Runmode=Yes, SheetName=EmailPreferences, ExpectedValue=, UserName=srikanthtesting100@gmail.com, TCID=TC5, =}]]>
              </value>
            </param>
          </params>
          <reporter-output>
          </reporter-output>
        </test-method> <!-- termAndConditionsPage_LinksValidation -->
        <test-method status="PASS" signature="quit()[pri:0, instance:com.dollardays.testcases.EmailPreferencesValidationsTestCase@5a4aa2f2]" name="quit" is-config="true" duration-ms="1140" started-at="2020-10-16T16:00:54 EDT" finished-at="2020-10-16T16:00:55 EDT">
          <reporter-output>
          </reporter-output>
        </test-method> <!-- quit -->
        <test-method status="PASS" signature="afterClass()[pri:0, instance:com.dollardays.testcases.EmailPreferencesValidationsTestCase@5a4aa2f2]" name="afterClass" is-config="true" duration-ms="0" started-at="2020-10-16T16:00:55 EDT" finished-at="2020-10-16T16:00:55 EDT">
          <reporter-output>
          </reporter-output>
        </test-method> <!-- afterClass -->
      </class> <!-- com.dollardays.testcases.EmailPreferencesValidationsTestCase -->
    </test> <!-- Dollar Days Test -->
  </suite> <!-- Parallel Class Runs -->
</testng-results>
